# JRE version: Java(TM) SE Runtime Environment (17.0.9+11) (build 17.0.9+11-LTS-201)
# Java VM: Java HotSpot(TM) 64-Bit Server VM (17.0.9+11-LTS-201, mixed mode, sharing, tiered, compressed oops, compressed class ptrs, g1 gc, windows-amd64)
GC Precious Log:
 CPUs: 8 total, 8 available
 Memory: 16193M
 Large Page Support: Disabled
 NUMA Support: Disabled
 Compressed Oops: Enabled (Zero based)
 Heap Region Size: 2M
 Heap Min Capacity: 8M
 Heap Initial Capacity: 254M
 Heap Max Capacity: 4050M
 Pre-touch: Disabled
 Parallel Workers: 8
 Concurrent Workers: 2
 Concurrent Refinement Workers: 8
 Periodic GC: Disabled
Heap:
 garbage-first heap   total 161792K, used 32005K [0x0000000702e00000, 0x0000000800000000)
  region size 2048K, 7 young (14336K), 1 survivors (2048K)
 Metaspace       used 45198K, committed 45632K, reserved 1114112K
  class space    used 5996K, committed 6208K, reserved 1048576K
GC Heap History (20 events):
Event: 0.439 GC heap before
{Heap before GC invocations=0 (full 0):
 garbage-first heap   total 260096K, used 20480K [0x0000000702e00000, 0x0000000800000000)
  region size 2048K, 11 young (22528K), 0 survivors (0K)
 Metaspace       used 4532K, committed 4672K, reserved 1114112K
  class space    used 513K, committed 576K, reserved 1048576K
}
Event: 0.441 GC heap after
{Heap after GC invocations=1 (full 0):
 garbage-first heap   total 260096K, used 6709K [0x0000000702e00000, 0x0000000800000000)
  region size 2048K, 2 young (4096K), 2 survivors (4096K)
 Metaspace       used 4532K, committed 4672K, reserved 1114112K
  class space    used 513K, committed 576K, reserved 1048576K
}
Event: 0.766 GC heap before
{Heap before GC invocations=1 (full 0):
 garbage-first heap   total 260096K, used 31285K [0x0000000702e00000, 0x0000000800000000)
  region size 2048K, 14 young (28672K), 2 survivors (4096K)
 Metaspace       used 10494K, committed 10752K, reserved 1114112K
  class space    used 1333K, committed 1472K, reserved 1048576K
}
Event: 0.769 GC heap after
{Heap after GC invocations=2 (full 0):
 garbage-first heap   total 260096K, used 8647K [0x0000000702e00000, 0x0000000800000000)
  region size 2048K, 1 young (2048K), 1 survivors (2048K)
 Metaspace       used 10494K, committed 10752K, reserved 1114112K
  class space    used 1333K, committed 1472K, reserved 1048576K
}
Event: 1.470 GC heap before
{Heap before GC invocations=2 (full 0):
 garbage-first heap   total 260096K, used 72135K [0x0000000702e00000, 0x0000000800000000)
  region size 2048K, 33 young (67584K), 1 survivors (2048K)
 Metaspace       used 21196K, committed 21504K, reserved 1114112K
  class space    used 2702K, committed 2880K, reserved 1048576K
}
Event: 1.474 GC heap after
{Heap after GC invocations=3 (full 0):
 garbage-first heap   total 260096K, used 12984K [0x0000000702e00000, 0x0000000800000000)
  region size 2048K, 4 young (8192K), 4 survivors (8192K)
 Metaspace       used 21196K, committed 21504K, reserved 1114112K
  class space    used 2702K, committed 2880K, reserved 1048576K
}
Event: 1.986 GC heap before
{Heap before GC invocations=4 (full 0):
 garbage-first heap   total 61440K, used 41656K [0x0000000702e00000, 0x0000000800000000)
  region size 2048K, 18 young (36864K), 4 survivors (8192K)
 Metaspace       used 25459K, committed 25856K, reserved 1114112K
  class space    used 3335K, committed 3520K, reserved 1048576K
}
Event: 1.992 GC heap after
{Heap after GC invocations=5 (full 0):
 garbage-first heap   total 61440K, used 15484K [0x0000000702e00000, 0x0000000800000000)
  region size 2048K, 2 young (4096K), 2 survivors (4096K)
 Metaspace       used 25459K, committed 25856K, reserved 1114112K
  class space    used 3335K, committed 3520K, reserved 1048576K
}
Event: 2.045 GC heap before
{Heap before GC invocations=5 (full 0):
 garbage-first heap   total 61440K, used 17532K [0x0000000702e00000, 0x0000000800000000)
  region size 2048K, 3 young (6144K), 2 survivors (4096K)
 Metaspace       used 25869K, committed 26304K, reserved 1114112K
  class space    used 3398K, committed 3584K, reserved 1048576K
}
Event: 2.048 GC heap after
{Heap after GC invocations=6 (full 0):
 garbage-first heap   total 61440K, used 15926K [0x0000000702e00000, 0x0000000800000000)
  region size 2048K, 1 young (2048K), 1 survivors (2048K)
 Metaspace       used 25869K, committed 26304K, reserved 1114112K
  class space    used 3398K, committed 3584K, reserved 1048576K
}
Event: 2.512 GC heap before
{Heap before GC invocations=6 (full 0):
 garbage-first heap   total 61440K, used 40502K [0x0000000702e00000, 0x0000000800000000)
  region size 2048K, 13 young (26624K), 1 survivors (2048K)
 Metaspace       used 30125K, committed 30528K, reserved 1114112K
  class space    used 3932K, committed 4160K, reserved 1048576K
}
Event: 2.515 GC heap after
{Heap after GC invocations=7 (full 0):
 garbage-first heap   total 61440K, used 17831K [0x0000000702e00000, 0x0000000800000000)
  region size 2048K, 2 young (4096K), 2 survivors (4096K)
 Metaspace       used 30125K, committed 30528K, reserved 1114112K
  class space    used 3932K, committed 4160K, reserved 1048576K
}
Event: 2.862 GC heap before
{Heap before GC invocations=7 (full 0):
 garbage-first heap   total 61440K, used 38311K [0x0000000702e00000, 0x0000000800000000)
  region size 2048K, 13 young (26624K), 2 survivors (4096K)
 Metaspace       used 33751K, committed 34240K, reserved 1114112K
  class space    used 4414K, committed 4672K, reserved 1048576K
}
Event: 2.865 GC heap after
{Heap after GC invocations=8 (full 0):
 garbage-first heap   total 61440K, used 19477K [0x0000000702e00000, 0x0000000800000000)
  region size 2048K, 1 young (2048K), 1 survivors (2048K)
 Metaspace       used 33751K, committed 34240K, reserved 1114112K
  class space    used 4414K, committed 4672K, reserved 1048576K
}
Event: 2.986 GC heap before
{Heap before GC invocations=8 (full 0):
 garbage-first heap   total 61440K, used 25621K [0x0000000702e00000, 0x0000000800000000)
  region size 2048K, 5 young (10240K), 1 survivors (2048K)
 Metaspace       used 35492K, committed 35968K, reserved 1114112K
  class space    used 4688K, committed 4928K, reserved 1048576K
}
Event: 2.988 GC heap after
{Heap after GC invocations=9 (full 0):
 garbage-first heap   total 61440K, used 19732K [0x0000000702e00000, 0x0000000800000000)
  region size 2048K, 1 young (2048K), 1 survivors (2048K)
 Metaspace       used 35492K, committed 35968K, reserved 1114112K
  class space    used 4688K, committed 4928K, reserved 1048576K
}
Event: 3.408 GC heap before
{Heap before GC invocations=10 (full 0):
 garbage-first heap   total 61440K, used 44308K [0x0000000702e00000, 0x0000000800000000)
  region size 2048K, 13 young (26624K), 1 survivors (2048K)
 Metaspace       used 42165K, committed 42688K, reserved 1114112K
  class space    used 5624K, committed 5888K, reserved 1048576K
}
Event: 3.412 GC heap after
{Heap after GC invocations=11 (full 0):
 garbage-first heap   total 61440K, used 21848K [0x0000000702e00000, 0x0000000800000000)
  region size 2048K, 2 young (4096K), 2 survivors (4096K)
 Metaspace       used 42165K, committed 42688K, reserved 1114112K
  class space    used 5624K, committed 5888K, reserved 1048576K
}
Event: 3.440 GC heap before
{Heap before GC invocations=11 (full 0):
 garbage-first heap   total 61440K, used 21848K [0x0000000702e00000, 0x0000000800000000)
  region size 2048K, 3 young (6144K), 2 survivors (4096K)
 Metaspace       used 42590K, committed 43072K, reserved 1114112K
  class space    used 5681K, committed 5888K, reserved 1048576K
}
Event: 3.445 GC heap after
{Heap after GC invocations=12 (full 0):
 garbage-first heap   total 161792K, used 21765K [0x0000000702e00000, 0x0000000800000000)
  region size 2048K, 1 young (2048K), 1 survivors (2048K)
 Metaspace       used 42590K, committed 43072K, reserved 1114112K
  class space    used 5681K, committed 5888K, reserved 1048576K
}

