# JRE version: OpenJDK Runtime Environment Temurin-17.0.11+9 (17.0.11+9) (build 17.0.11+9)
# Java VM: OpenJDK 64-Bit Server VM Temurin-17.0.11+9 (17.0.11+9, mixed mode, tiered, compressed oops, compressed class ptrs, parallel gc, windows-amd64)
GC Precious Log:
 CPUs: 8 total, 8 available
 Memory: 16193M
 Large Page Support: Disabled
 NUMA Support: Disabled
 Compressed Oops: Enabled (32-bit)
 Alignments: Space 512K, Generation 512K, Heap 2M
 Heap Min Capacity: 100M
 Heap Initial Capacity: 100M
 Heap Max Capacity: 2G
 Pre-touch: Disabled
 Parallel Workers: 8
Heap:
 PSYoungGen      total 8704K, used 7093K [0x00000000d5580000, 0x00000000d5f80000, 0x0000000100000000)
  eden space 7168K, 83% used [0x00000000d5580000,0x00000000d5b5c4a8,0x00000000d5c80000)
  from space 1536K, 71% used [0x00000000d5c80000,0x00000000d5d91210,0x00000000d5e00000)
  to   space 1536K, 0% used [0x00000000d5e00000,0x00000000d5e00000,0x00000000d5f80000)
 ParOldGen       total 107008K, used 96693K [0x0000000080000000, 0x0000000086880000, 0x00000000d5580000)
  object space 107008K, 90% used [0x0000000080000000,0x0000000085e6d448,0x0000000086880000)
 Metaspace       used 82384K, committed 83904K, reserved 1179648K
  class space    used 8700K, committed 9408K, reserved 1048576K
GC Heap History (20 events):
Event: 391.731 GC heap before
{Heap before GC invocations=167 (full 8):
 PSYoungGen      total 4096K, used 1014K [0x00000000d5580000, 0x00000000d6080000, 0x0000000100000000)
  eden space 3072K, 0% used [0x00000000d5580000,0x00000000d5580000,0x00000000d5880000)
  from space 1024K, 99% used [0x00000000d5900000,0x00000000d59fd880,0x00000000d5a00000)
  to   space 4096K, 0% used [0x00000000d5c80000,0x00000000d5c80000,0x00000000d6080000)
 ParOldGen       total 122368K, used 122291K [0x0000000080000000, 0x0000000087780000, 0x00000000d5580000)
  object space 122368K, 99% used [0x0000000080000000,0x000000008776ccc0,0x0000000087780000)
 Metaspace       used 82151K, committed 83648K, reserved 1179648K
  class space    used 8692K, committed 9408K, reserved 1048576K
}
Event: 391.808 GC heap after
{Heap after GC invocations=167 (full 8):
 PSYoungGen      total 7168K, used 0K [0x00000000d5580000, 0x00000000d6080000, 0x0000000100000000)
  eden space 3072K, 0% used [0x00000000d5580000,0x00000000d5580000,0x00000000d5880000)
  from space 4096K, 0% used [0x00000000d5c80000,0x00000000d5c80000,0x00000000d6080000)
  to   space 4096K, 0% used [0x00000000d5880000,0x00000000d5880000,0x00000000d5c80000)
 ParOldGen       total 107008K, used 81670K [0x0000000080000000, 0x0000000086880000, 0x00000000d5580000)
  object space 107008K, 76% used [0x0000000080000000,0x0000000084fc1b38,0x0000000086880000)
 Metaspace       used 82151K, committed 83648K, reserved 1179648K
  class space    used 8692K, committed 9408K, reserved 1048576K
}
Event: 391.817 GC heap before
{Heap before GC invocations=168 (full 8):
 PSYoungGen      total 7168K, used 3072K [0x00000000d5580000, 0x00000000d6080000, 0x0000000100000000)
  eden space 3072K, 100% used [0x00000000d5580000,0x00000000d5880000,0x00000000d5880000)
  from space 4096K, 0% used [0x00000000d5c80000,0x00000000d5c80000,0x00000000d6080000)
  to   space 4096K, 0% used [0x00000000d5880000,0x00000000d5880000,0x00000000d5c80000)
 ParOldGen       total 107008K, used 81670K [0x0000000080000000, 0x0000000086880000, 0x00000000d5580000)
  object space 107008K, 76% used [0x0000000080000000,0x0000000084fc1b38,0x0000000086880000)
 Metaspace       used 82151K, committed 83648K, reserved 1179648K
  class space    used 8692K, committed 9408K, reserved 1048576K
}
Event: 391.820 GC heap after
{Heap after GC invocations=168 (full 8):
 PSYoungGen      total 6656K, used 3168K [0x00000000d5580000, 0x00000000d5f80000, 0x0000000100000000)
  eden space 3072K, 0% used [0x00000000d5580000,0x00000000d5580000,0x00000000d5880000)
  from space 3584K, 88% used [0x00000000d5880000,0x00000000d5b98000,0x00000000d5c00000)
  to   space 3584K, 0% used [0x00000000d5c00000,0x00000000d5c00000,0x00000000d5f80000)
 ParOldGen       total 107008K, used 81670K [0x0000000080000000, 0x0000000086880000, 0x00000000d5580000)
  object space 107008K, 76% used [0x0000000080000000,0x0000000084fc1b38,0x0000000086880000)
 Metaspace       used 82151K, committed 83648K, reserved 1179648K
  class space    used 8692K, committed 9408K, reserved 1048576K
}
Event: 391.827 GC heap before
{Heap before GC invocations=169 (full 8):
 PSYoungGen      total 6656K, used 6138K [0x00000000d5580000, 0x00000000d5f80000, 0x0000000100000000)
  eden space 3072K, 96% used [0x00000000d5580000,0x00000000d5866890,0x00000000d5880000)
  from space 3584K, 88% used [0x00000000d5880000,0x00000000d5b98000,0x00000000d5c00000)
  to   space 3584K, 0% used [0x00000000d5c00000,0x00000000d5c00000,0x00000000d5f80000)
 ParOldGen       total 107008K, used 81670K [0x0000000080000000, 0x0000000086880000, 0x00000000d5580000)
  object space 107008K, 76% used [0x0000000080000000,0x0000000084fc1b38,0x0000000086880000)
 Metaspace       used 82153K, committed 83648K, reserved 1179648K
  class space    used 8692K, committed 9408K, reserved 1048576K
}
Event: 391.830 GC heap after
{Heap after GC invocations=169 (full 8):
 PSYoungGen      total 7168K, used 2861K [0x00000000d5580000, 0x00000000d5f80000, 0x0000000100000000)
  eden space 3584K, 0% used [0x00000000d5580000,0x00000000d5580000,0x00000000d5900000)
  from space 3584K, 79% used [0x00000000d5c00000,0x00000000d5ecb4c0,0x00000000d5f80000)
  to   space 3072K, 0% used [0x00000000d5900000,0x00000000d5900000,0x00000000d5c00000)
 ParOldGen       total 107008K, used 84726K [0x0000000080000000, 0x0000000086880000, 0x00000000d5580000)
  object space 107008K, 79% used [0x0000000080000000,0x00000000852bdb38,0x0000000086880000)
 Metaspace       used 82153K, committed 83648K, reserved 1179648K
  class space    used 8692K, committed 9408K, reserved 1048576K
}
Event: 391.839 GC heap before
{Heap before GC invocations=170 (full 8):
 PSYoungGen      total 7168K, used 6445K [0x00000000d5580000, 0x00000000d5f80000, 0x0000000100000000)
  eden space 3584K, 100% used [0x00000000d5580000,0x00000000d5900000,0x00000000d5900000)
  from space 3584K, 79% used [0x00000000d5c00000,0x00000000d5ecb4c0,0x00000000d5f80000)
  to   space 3072K, 0% used [0x00000000d5900000,0x00000000d5900000,0x00000000d5c00000)
 ParOldGen       total 107008K, used 84726K [0x0000000080000000, 0x0000000086880000, 0x00000000d5580000)
  object space 107008K, 79% used [0x0000000080000000,0x00000000852bdb38,0x0000000086880000)
 Metaspace       used 82154K, committed 83648K, reserved 1179648K
  class space    used 8692K, committed 9408K, reserved 1048576K
}
Event: 391.841 GC heap after
{Heap after GC invocations=170 (full 8):
 PSYoungGen      total 6656K, used 3053K [0x00000000d5580000, 0x00000000d6700000, 0x0000000100000000)
  eden space 3584K, 0% used [0x00000000d5580000,0x00000000d5580000,0x00000000d5900000)
  from space 3072K, 99% used [0x00000000d5900000,0x00000000d5bfb4c0,0x00000000d5c00000)
  to   space 6656K, 0% used [0x00000000d6080000,0x00000000d6080000,0x00000000d6700000)
 ParOldGen       total 107008K, used 87691K [0x0000000080000000, 0x0000000086880000, 0x00000000d5580000)
  object space 107008K, 81% used [0x0000000080000000,0x00000000855a2ff8,0x0000000086880000)
 Metaspace       used 82154K, committed 83648K, reserved 1179648K
  class space    used 8692K, committed 9408K, reserved 1048576K
}
Event: 391.850 GC heap before
{Heap before GC invocations=171 (full 8):
 PSYoungGen      total 6656K, used 6637K [0x00000000d5580000, 0x00000000d6700000, 0x0000000100000000)
  eden space 3584K, 100% used [0x00000000d5580000,0x00000000d5900000,0x00000000d5900000)
  from space 3072K, 99% used [0x00000000d5900000,0x00000000d5bfb4c0,0x00000000d5c00000)
  to   space 6656K, 0% used [0x00000000d6080000,0x00000000d6080000,0x00000000d6700000)
 ParOldGen       total 107008K, used 87691K [0x0000000080000000, 0x0000000086880000, 0x00000000d5580000)
  object space 107008K, 81% used [0x0000000080000000,0x00000000855a2ff8,0x0000000086880000)
 Metaspace       used 82154K, committed 83648K, reserved 1179648K
  class space    used 8692K, committed 9408K, reserved 1048576K
}
Event: 391.854 GC heap after
{Heap after GC invocations=171 (full 8):
 PSYoungGen      total 7680K, used 2906K [0x00000000d5580000, 0x00000000d6380000, 0x0000000100000000)
  eden space 4608K, 0% used [0x00000000d5580000,0x00000000d5580000,0x00000000d5a00000)
  from space 3072K, 94% used [0x00000000d6080000,0x00000000d6356900,0x00000000d6380000)
  to   space 4096K, 0% used [0x00000000d5b80000,0x00000000d5b80000,0x00000000d5f80000)
 ParOldGen       total 107008K, used 90785K [0x0000000080000000, 0x0000000086880000, 0x00000000d5580000)
  object space 107008K, 84% used [0x0000000080000000,0x00000000858a84b8,0x0000000086880000)
 Metaspace       used 82154K, committed 83648K, reserved 1179648K
  class space    used 8692K, committed 9408K, reserved 1048576K
}
Event: 391.864 GC heap before
{Heap before GC invocations=172 (full 8):
 PSYoungGen      total 7680K, used 7514K [0x00000000d5580000, 0x00000000d6380000, 0x0000000100000000)
  eden space 4608K, 100% used [0x00000000d5580000,0x00000000d5a00000,0x00000000d5a00000)
  from space 3072K, 94% used [0x00000000d6080000,0x00000000d6356900,0x00000000d6380000)
  to   space 4096K, 0% used [0x00000000d5b80000,0x00000000d5b80000,0x00000000d5f80000)
 ParOldGen       total 107008K, used 90785K [0x0000000080000000, 0x0000000086880000, 0x00000000d5580000)
  object space 107008K, 84% used [0x0000000080000000,0x00000000858a84b8,0x0000000086880000)
 Metaspace       used 82154K, committed 83648K, reserved 1179648K
  class space    used 8692K, committed 9408K, reserved 1048576K
}
Event: 391.866 GC heap after
{Heap after GC invocations=172 (full 8):
 PSYoungGen      total 6656K, used 672K [0x00000000d5580000, 0x00000000d6100000, 0x0000000100000000)
  eden space 5632K, 0% used [0x00000000d5580000,0x00000000d5580000,0x00000000d5b00000)
  from space 1024K, 65% used [0x00000000d5b80000,0x00000000d5c28000,0x00000000d5c80000)
  to   space 2048K, 0% used [0x00000000d5f00000,0x00000000d5f00000,0x00000000d6100000)
 ParOldGen       total 107008K, used 93629K [0x0000000080000000, 0x0000000086880000, 0x00000000d5580000)
  object space 107008K, 87% used [0x0000000080000000,0x0000000085b6f6d8,0x0000000086880000)
 Metaspace       used 82154K, committed 83648K, reserved 1179648K
  class space    used 8692K, committed 9408K, reserved 1048576K
}
Event: 391.891 GC heap before
{Heap before GC invocations=173 (full 8):
 PSYoungGen      total 6656K, used 6304K [0x00000000d5580000, 0x00000000d6100000, 0x0000000100000000)
  eden space 5632K, 100% used [0x00000000d5580000,0x00000000d5b00000,0x00000000d5b00000)
  from space 1024K, 65% used [0x00000000d5b80000,0x00000000d5c28000,0x00000000d5c80000)
  to   space 2048K, 0% used [0x00000000d5f00000,0x00000000d5f00000,0x00000000d6100000)
 ParOldGen       total 107008K, used 93629K [0x0000000080000000, 0x0000000086880000, 0x00000000d5580000)
  object space 107008K, 87% used [0x0000000080000000,0x0000000085b6f6d8,0x0000000086880000)
 Metaspace       used 82207K, committed 83712K, reserved 1179648K
  class space    used 8692K, committed 9408K, reserved 1048576K
}
Event: 391.893 GC heap after
{Heap after GC invocations=173 (full 8):
 PSYoungGen      total 8192K, used 692K [0x00000000d5580000, 0x00000000d6000000, 0x0000000100000000)
  eden space 7168K, 0% used [0x00000000d5580000,0x00000000d5580000,0x00000000d5c80000)
  from space 1024K, 67% used [0x00000000d5f00000,0x00000000d5fad200,0x00000000d6000000)
  to   space 1024K, 0% used [0x00000000d5e00000,0x00000000d5e00000,0x00000000d5f00000)
 ParOldGen       total 107008K, used 94205K [0x0000000080000000, 0x0000000086880000, 0x00000000d5580000)
  object space 107008K, 88% used [0x0000000080000000,0x0000000085bff6d8,0x0000000086880000)
 Metaspace       used 82207K, committed 83712K, reserved 1179648K
  class space    used 8692K, committed 9408K, reserved 1048576K
}
Event: 391.919 GC heap before
{Heap before GC invocations=174 (full 8):
 PSYoungGen      total 8192K, used 7860K [0x00000000d5580000, 0x00000000d6000000, 0x0000000100000000)
  eden space 7168K, 100% used [0x00000000d5580000,0x00000000d5c80000,0x00000000d5c80000)
  from space 1024K, 67% used [0x00000000d5f00000,0x00000000d5fad200,0x00000000d6000000)
  to   space 1024K, 0% used [0x00000000d5e00000,0x00000000d5e00000,0x00000000d5f00000)
 ParOldGen       total 107008K, used 94205K [0x0000000080000000, 0x0000000086880000, 0x00000000d5580000)
  object space 107008K, 88% used [0x0000000080000000,0x0000000085bff6d8,0x0000000086880000)
 Metaspace       used 82237K, committed 83776K, reserved 1179648K
  class space    used 8692K, committed 9408K, reserved 1048576K
}
Event: 391.924 GC heap after
{Heap after GC invocations=174 (full 8):
 PSYoungGen      total 9728K, used 912K [0x00000000d5580000, 0x00000000d6000000, 0x0000000100000000)
  eden space 8704K, 0% used [0x00000000d5580000,0x00000000d5580000,0x00000000d5e00000)
  from space 1024K, 89% used [0x00000000d5e00000,0x00000000d5ee4010,0x00000000d5f00000)
  to   space 1024K, 0% used [0x00000000d5f00000,0x00000000d5f00000,0x00000000d6000000)
 ParOldGen       total 107008K, used 94780K [0x0000000080000000, 0x0000000086880000, 0x00000000d5580000)
  object space 107008K, 88% used [0x0000000080000000,0x0000000085c8f198,0x0000000086880000)
 Metaspace       used 82237K, committed 83776K, reserved 1179648K
  class space    used 8692K, committed 9408K, reserved 1048576K
}
Event: 392.196 GC heap before
{Heap before GC invocations=175 (full 8):
 PSYoungGen      total 9728K, used 9616K [0x00000000d5580000, 0x00000000d6000000, 0x0000000100000000)
  eden space 8704K, 100% used [0x00000000d5580000,0x00000000d5e00000,0x00000000d5e00000)
  from space 1024K, 89% used [0x00000000d5e00000,0x00000000d5ee4010,0x00000000d5f00000)
  to   space 1024K, 0% used [0x00000000d5f00000,0x00000000d5f00000,0x00000000d6000000)
 ParOldGen       total 107008K, used 94780K [0x0000000080000000, 0x0000000086880000, 0x00000000d5580000)
  object space 107008K, 88% used [0x0000000080000000,0x0000000085c8f198,0x0000000086880000)
 Metaspace       used 82331K, committed 83840K, reserved 1179648K
  class space    used 8699K, committed 9408K, reserved 1048576K
}
Event: 392.197 GC heap after
{Heap after GC invocations=175 (full 8):
 PSYoungGen      total 8192K, used 996K [0x00000000d5580000, 0x00000000d6300000, 0x0000000100000000)
  eden space 7168K, 0% used [0x00000000d5580000,0x00000000d5580000,0x00000000d5c80000)
  from space 1024K, 97% used [0x00000000d5f00000,0x00000000d5ff9210,0x00000000d6000000)
  to   space 2560K, 0% used [0x00000000d5c80000,0x00000000d5c80000,0x00000000d5f00000)
 ParOldGen       total 107008K, used 95712K [0x0000000080000000, 0x0000000086880000, 0x00000000d5580000)
  object space 107008K, 89% used [0x0000000080000000,0x0000000085d781e8,0x0000000086880000)
 Metaspace       used 82331K, committed 83840K, reserved 1179648K
  class space    used 8699K, committed 9408K, reserved 1048576K
}
Event: 392.224 GC heap before
{Heap before GC invocations=176 (full 8):
 PSYoungGen      total 8192K, used 8164K [0x00000000d5580000, 0x00000000d6300000, 0x0000000100000000)
  eden space 7168K, 100% used [0x00000000d5580000,0x00000000d5c80000,0x00000000d5c80000)
  from space 1024K, 97% used [0x00000000d5f00000,0x00000000d5ff9210,0x00000000d6000000)
  to   space 2560K, 0% used [0x00000000d5c80000,0x00000000d5c80000,0x00000000d5f00000)
 ParOldGen       total 107008K, used 95712K [0x0000000080000000, 0x0000000086880000, 0x00000000d5580000)
  object space 107008K, 89% used [0x0000000080000000,0x0000000085d781e8,0x0000000086880000)
 Metaspace       used 82359K, committed 83904K, reserved 1179648K
  class space    used 8699K, committed 9408K, reserved 1048576K
}
Event: 392.225 GC heap after
{Heap after GC invocations=176 (full 8):
 PSYoungGen      total 8704K, used 1092K [0x00000000d5580000, 0x00000000d5f80000, 0x0000000100000000)
  eden space 7168K, 0% used [0x00000000d5580000,0x00000000d5580000,0x00000000d5c80000)
  from space 1536K, 71% used [0x00000000d5c80000,0x00000000d5d91210,0x00000000d5e00000)
  to   space 1536K, 0% used [0x00000000d5e00000,0x00000000d5e00000,0x00000000d5f80000)
 ParOldGen       total 107008K, used 96693K [0x0000000080000000, 0x0000000086880000, 0x00000000d5580000)
  object space 107008K, 90% used [0x0000000080000000,0x0000000085e6d448,0x0000000086880000)
 Metaspace       used 82359K, committed 83904K, reserved 1179648K
  class space    used 8699K, committed 9408K, reserved 1048576K
}

