# JRE version: OpenJDK Runtime Environment Temurin-17.0.11+9 (17.0.11+9) (build 17.0.11+9)
# Java VM: OpenJDK 64-Bit Server VM Temurin-17.0.11+9 (17.0.11+9, mixed mode, tiered, compressed oops, compressed class ptrs, parallel gc, windows-amd64)
GC Precious Log:
 CPUs: 8 total, 8 available
 Memory: 16193M
 Large Page Support: Disabled
 NUMA Support: Disabled
 Compressed Oops: Enabled (32-bit)
 Alignments: Space 512K, Generation 512K, Heap 2M
 Heap Min Capacity: 100M
 Heap Initial Capacity: 100M
 Heap Max Capacity: 2G
 Pre-touch: Disabled
 Parallel Workers: 8
Heap:
 PSYoungGen      total 5120K, used 2048K [0x00000000d5580000, 0x00000000d6280000, 0x0000000100000000)
  eden space 3072K, 0% used [0x00000000d5580000,0x00000000d5580000,0x00000000d5880000)
  from space 2048K, 100% used [0x00000000d5880000,0x00000000d5a80000,0x00000000d5a80000)
  to   space 5120K, 0% used [0x00000000d5d80000,0x00000000d5d80000,0x00000000d6280000)
 ParOldGen       total 156672K, used 154491K [0x0000000080000000, 0x0000000089900000, 0x00000000d5580000)
  object space 156672K, 98% used [0x0000000080000000,0x00000000896def58,0x0000000089900000)
 Metaspace       used 85153K, committed 86656K, reserved 1179648K
  class space    used 8622K, committed 9280K, reserved 1048576K
GC Heap History (20 events):
Event: 89.998 GC heap after
{Heap after GC invocations=759 (full 23):
 PSYoungGen      total 3584K, used 2546K [0x00000000d5580000, 0x00000000d6a00000, 0x0000000100000000)
  eden space 1024K, 0% used [0x00000000d5580000,0x00000000d5580000,0x00000000d5680000)
  from space 2560K, 99% used [0x00000000d5d80000,0x00000000d5ffc9f0,0x00000000d6000000)
  to   space 7168K, 0% used [0x00000000d5680000,0x00000000d5680000,0x00000000d5d80000)
 ParOldGen       total 156672K, used 145035K [0x0000000080000000, 0x0000000089900000, 0x00000000d5580000)
  object space 156672K, 92% used [0x0000000080000000,0x0000000088da2f28,0x0000000089900000)
 Metaspace       used 85150K, committed 86592K, reserved 1179648K
  class space    used 8622K, committed 9280K, reserved 1048576K
}
Event: 90.001 GC heap before
{Heap before GC invocations=760 (full 23):
 PSYoungGen      total 3584K, used 3570K [0x00000000d5580000, 0x00000000d6a00000, 0x0000000100000000)
  eden space 1024K, 100% used [0x00000000d5580000,0x00000000d5680000,0x00000000d5680000)
  from space 2560K, 99% used [0x00000000d5d80000,0x00000000d5ffc9f0,0x00000000d6000000)
  to   space 7168K, 0% used [0x00000000d5680000,0x00000000d5680000,0x00000000d5d80000)
 ParOldGen       total 156672K, used 145035K [0x0000000080000000, 0x0000000089900000, 0x00000000d5580000)
  object space 156672K, 92% used [0x0000000080000000,0x0000000088da2f28,0x0000000089900000)
 Metaspace       used 85150K, committed 86592K, reserved 1179648K
  class space    used 8622K, committed 9280K, reserved 1048576K
}
Event: 90.002 GC heap after
{Heap after GC invocations=760 (full 23):
 PSYoungGen      total 4608K, used 3357K [0x00000000d5580000, 0x00000000d6000000, 0x0000000100000000)
  eden space 1024K, 0% used [0x00000000d5580000,0x00000000d5580000,0x00000000d5680000)
  from space 3584K, 93% used [0x00000000d5680000,0x00000000d59c77d0,0x00000000d5a00000)
  to   space 4608K, 0% used [0x00000000d5b80000,0x00000000d5b80000,0x00000000d6000000)
 ParOldGen       total 156672K, used 145254K [0x0000000080000000, 0x0000000089900000, 0x00000000d5580000)
  object space 156672K, 92% used [0x0000000080000000,0x0000000088dd9ac8,0x0000000089900000)
 Metaspace       used 85150K, committed 86592K, reserved 1179648K
  class space    used 8622K, committed 9280K, reserved 1048576K
}
Event: 90.006 GC heap before
{Heap before GC invocations=761 (full 23):
 PSYoungGen      total 4608K, used 4381K [0x00000000d5580000, 0x00000000d6000000, 0x0000000100000000)
  eden space 1024K, 100% used [0x00000000d5580000,0x00000000d5680000,0x00000000d5680000)
  from space 3584K, 93% used [0x00000000d5680000,0x00000000d59c77d0,0x00000000d5a00000)
  to   space 4608K, 0% used [0x00000000d5b80000,0x00000000d5b80000,0x00000000d6000000)
 ParOldGen       total 156672K, used 145254K [0x0000000080000000, 0x0000000089900000, 0x00000000d5580000)
  object space 156672K, 92% used [0x0000000080000000,0x0000000088dd9ac8,0x0000000089900000)
 Metaspace       used 85152K, committed 86656K, reserved 1179648K
  class space    used 8622K, committed 9280K, reserved 1048576K
}
Event: 90.008 GC heap after
{Heap after GC invocations=761 (full 23):
 PSYoungGen      total 2048K, used 416K [0x00000000d5580000, 0x00000000d5c00000, 0x0000000100000000)
  eden space 1536K, 0% used [0x00000000d5580000,0x00000000d5580000,0x00000000d5700000)
  from space 512K, 81% used [0x00000000d5b80000,0x00000000d5be8020,0x00000000d5c00000)
  to   space 2048K, 0% used [0x00000000d5800000,0x00000000d5800000,0x00000000d5a00000)
 ParOldGen       total 156672K, used 146492K [0x0000000080000000, 0x0000000089900000, 0x00000000d5580000)
  object space 156672K, 93% used [0x0000000080000000,0x0000000088f0f358,0x0000000089900000)
 Metaspace       used 85152K, committed 86656K, reserved 1179648K
  class space    used 8622K, committed 9280K, reserved 1048576K
}
Event: 90.010 GC heap before
{Heap before GC invocations=762 (full 23):
 PSYoungGen      total 2048K, used 1952K [0x00000000d5580000, 0x00000000d5c00000, 0x0000000100000000)
  eden space 1536K, 100% used [0x00000000d5580000,0x00000000d5700000,0x00000000d5700000)
  from space 512K, 81% used [0x00000000d5b80000,0x00000000d5be8020,0x00000000d5c00000)
  to   space 2048K, 0% used [0x00000000d5800000,0x00000000d5800000,0x00000000d5a00000)
 ParOldGen       total 156672K, used 146492K [0x0000000080000000, 0x0000000089900000, 0x00000000d5580000)
  object space 156672K, 93% used [0x0000000080000000,0x0000000088f0f358,0x0000000089900000)
 Metaspace       used 85152K, committed 86656K, reserved 1179648K
  class space    used 8622K, committed 9280K, reserved 1048576K
}
Event: 90.011 GC heap after
{Heap after GC invocations=762 (full 23):
 PSYoungGen      total 4096K, used 384K [0x00000000d5580000, 0x00000000d5c00000, 0x0000000100000000)
  eden space 2048K, 0% used [0x00000000d5580000,0x00000000d5580000,0x00000000d5780000)
  from space 2048K, 18% used [0x00000000d5800000,0x00000000d5860000,0x00000000d5a00000)
  to   space 1024K, 0% used [0x00000000d5b00000,0x00000000d5b00000,0x00000000d5c00000)
 ParOldGen       total 156672K, used 146869K [0x0000000080000000, 0x0000000089900000, 0x00000000d5580000)
  object space 156672K, 93% used [0x0000000080000000,0x0000000088f6d678,0x0000000089900000)
 Metaspace       used 85152K, committed 86656K, reserved 1179648K
  class space    used 8622K, committed 9280K, reserved 1048576K
}
Event: 90.013 GC heap before
{Heap before GC invocations=763 (full 23):
 PSYoungGen      total 4096K, used 2432K [0x00000000d5580000, 0x00000000d5c00000, 0x0000000100000000)
  eden space 2048K, 100% used [0x00000000d5580000,0x00000000d5780000,0x00000000d5780000)
  from space 2048K, 18% used [0x00000000d5800000,0x00000000d5860000,0x00000000d5a00000)
  to   space 1024K, 0% used [0x00000000d5b00000,0x00000000d5b00000,0x00000000d5c00000)
 ParOldGen       total 156672K, used 146869K [0x0000000080000000, 0x0000000089900000, 0x00000000d5580000)
  object space 156672K, 93% used [0x0000000080000000,0x0000000088f6d678,0x0000000089900000)
 Metaspace       used 85152K, committed 86656K, reserved 1179648K
  class space    used 8622K, committed 9280K, reserved 1048576K
}
Event: 90.015 GC heap after
{Heap after GC invocations=763 (full 23):
 PSYoungGen      total 3072K, used 256K [0x00000000d5580000, 0x00000000d5b80000, 0x0000000100000000)
  eden space 2560K, 0% used [0x00000000d5580000,0x00000000d5580000,0x00000000d5800000)
  from space 512K, 50% used [0x00000000d5b00000,0x00000000d5b40000,0x00000000d5b80000)
  to   space 512K, 0% used [0x00000000d5a80000,0x00000000d5a80000,0x00000000d5b00000)
 ParOldGen       total 156672K, used 147197K [0x0000000080000000, 0x0000000089900000, 0x00000000d5580000)
  object space 156672K, 93% used [0x0000000080000000,0x0000000088fbf678,0x0000000089900000)
 Metaspace       used 85152K, committed 86656K, reserved 1179648K
  class space    used 8622K, committed 9280K, reserved 1048576K
}
Event: 90.020 GC heap before
{Heap before GC invocations=764 (full 23):
 PSYoungGen      total 3072K, used 2816K [0x00000000d5580000, 0x00000000d5b80000, 0x0000000100000000)
  eden space 2560K, 100% used [0x00000000d5580000,0x00000000d5800000,0x00000000d5800000)
  from space 512K, 50% used [0x00000000d5b00000,0x00000000d5b40000,0x00000000d5b80000)
  to   space 512K, 0% used [0x00000000d5a80000,0x00000000d5a80000,0x00000000d5b00000)
 ParOldGen       total 156672K, used 147197K [0x0000000080000000, 0x0000000089900000, 0x00000000d5580000)
  object space 156672K, 93% used [0x0000000080000000,0x0000000088fbf678,0x0000000089900000)
 Metaspace       used 85152K, committed 86656K, reserved 1179648K
  class space    used 8622K, committed 9280K, reserved 1048576K
}
Event: 90.021 GC heap after
{Heap after GC invocations=764 (full 23):
 PSYoungGen      total 3584K, used 352K [0x00000000d5580000, 0x00000000d5b80000, 0x0000000100000000)
  eden space 3072K, 0% used [0x00000000d5580000,0x00000000d5580000,0x00000000d5880000)
  from space 512K, 68% used [0x00000000d5a80000,0x00000000d5ad8000,0x00000000d5b00000)
  to   space 512K, 0% used [0x00000000d5b00000,0x00000000d5b00000,0x00000000d5b80000)
 ParOldGen       total 156672K, used 147341K [0x0000000080000000, 0x0000000089900000, 0x00000000d5580000)
  object space 156672K, 94% used [0x0000000080000000,0x0000000088fe3678,0x0000000089900000)
 Metaspace       used 85152K, committed 86656K, reserved 1179648K
  class space    used 8622K, committed 9280K, reserved 1048576K
}
Event: 90.027 GC heap before
{Heap before GC invocations=765 (full 23):
 PSYoungGen      total 3584K, used 3424K [0x00000000d5580000, 0x00000000d5b80000, 0x0000000100000000)
  eden space 3072K, 100% used [0x00000000d5580000,0x00000000d5880000,0x00000000d5880000)
  from space 512K, 68% used [0x00000000d5a80000,0x00000000d5ad8000,0x00000000d5b00000)
  to   space 512K, 0% used [0x00000000d5b00000,0x00000000d5b00000,0x00000000d5b80000)
 ParOldGen       total 156672K, used 147341K [0x0000000080000000, 0x0000000089900000, 0x00000000d5580000)
  object space 156672K, 94% used [0x0000000080000000,0x0000000088fe3678,0x0000000089900000)
 Metaspace       used 85152K, committed 86656K, reserved 1179648K
  class space    used 8622K, committed 9280K, reserved 1048576K
}
Event: 90.028 GC heap after
{Heap after GC invocations=765 (full 23):
 PSYoungGen      total 2560K, used 510K [0x00000000d5580000, 0x00000000d6080000, 0x0000000100000000)
  eden space 2048K, 0% used [0x00000000d5580000,0x00000000d5580000,0x00000000d5780000)
  from space 512K, 99% used [0x00000000d5b00000,0x00000000d5b7f890,0x00000000d5b80000)
  to   space 3584K, 0% used [0x00000000d5780000,0x00000000d5780000,0x00000000d5b00000)
 ParOldGen       total 156672K, used 149815K [0x0000000080000000, 0x0000000089900000, 0x00000000d5580000)
  object space 156672K, 95% used [0x0000000080000000,0x000000008924def8,0x0000000089900000)
 Metaspace       used 85152K, committed 86656K, reserved 1179648K
  class space    used 8622K, committed 9280K, reserved 1048576K
}
Event: 90.032 GC heap before
{Heap before GC invocations=766 (full 23):
 PSYoungGen      total 2560K, used 2558K [0x00000000d5580000, 0x00000000d6080000, 0x0000000100000000)
  eden space 2048K, 100% used [0x00000000d5580000,0x00000000d5780000,0x00000000d5780000)
  from space 512K, 99% used [0x00000000d5b00000,0x00000000d5b7f890,0x00000000d5b80000)
  to   space 3584K, 0% used [0x00000000d5780000,0x00000000d5780000,0x00000000d5b00000)
 ParOldGen       total 156672K, used 149815K [0x0000000080000000, 0x0000000089900000, 0x00000000d5580000)
  object space 156672K, 95% used [0x0000000080000000,0x000000008924def8,0x0000000089900000)
 Metaspace       used 85153K, committed 86656K, reserved 1179648K
  class space    used 8622K, committed 9280K, reserved 1048576K
}
Event: 90.033 GC heap after
{Heap after GC invocations=766 (full 23):
 PSYoungGen      total 4096K, used 1949K [0x00000000d5580000, 0x00000000d5d00000, 0x0000000100000000)
  eden space 2048K, 0% used [0x00000000d5580000,0x00000000d5580000,0x00000000d5780000)
  from space 2048K, 95% used [0x00000000d5780000,0x00000000d59677d0,0x00000000d5980000)
  to   space 2560K, 0% used [0x00000000d5a80000,0x00000000d5a80000,0x00000000d5d00000)
 ParOldGen       total 156672K, used 150341K [0x0000000080000000, 0x0000000089900000, 0x00000000d5580000)
  object space 156672K, 95% used [0x0000000080000000,0x00000000892d1788,0x0000000089900000)
 Metaspace       used 85153K, committed 86656K, reserved 1179648K
  class space    used 8622K, committed 9280K, reserved 1048576K
}
Event: 90.035 GC heap before
{Heap before GC invocations=767 (full 23):
 PSYoungGen      total 4096K, used 3997K [0x00000000d5580000, 0x00000000d5d00000, 0x0000000100000000)
  eden space 2048K, 99% used [0x00000000d5580000,0x00000000d577fff8,0x00000000d5780000)
  from space 2048K, 95% used [0x00000000d5780000,0x00000000d59677d0,0x00000000d5980000)
  to   space 2560K, 0% used [0x00000000d5a80000,0x00000000d5a80000,0x00000000d5d00000)
 ParOldGen       total 156672K, used 150341K [0x0000000080000000, 0x0000000089900000, 0x00000000d5580000)
  object space 156672K, 95% used [0x0000000080000000,0x00000000892d1788,0x0000000089900000)
 Metaspace       used 85153K, committed 86656K, reserved 1179648K
  class space    used 8622K, committed 9280K, reserved 1048576K
}
Event: 90.037 GC heap after
{Heap after GC invocations=767 (full 23):
 PSYoungGen      total 4608K, used 1984K [0x00000000d5580000, 0x00000000d5c80000, 0x0000000100000000)
  eden space 2560K, 0% used [0x00000000d5580000,0x00000000d5580000,0x00000000d5800000)
  from space 2048K, 96% used [0x00000000d5a80000,0x00000000d5c70000,0x00000000d5c80000)
  to   space 2048K, 0% used [0x00000000d5880000,0x00000000d5880000,0x00000000d5a80000)
 ParOldGen       total 156672K, used 152171K [0x0000000080000000, 0x0000000089900000, 0x00000000d5580000)
  object space 156672K, 97% used [0x0000000080000000,0x000000008949af58,0x0000000089900000)
 Metaspace       used 85153K, committed 86656K, reserved 1179648K
  class space    used 8622K, committed 9280K, reserved 1048576K
}
Event: 90.039 GC heap before
{Heap before GC invocations=768 (full 23):
 PSYoungGen      total 4608K, used 4543K [0x00000000d5580000, 0x00000000d5c80000, 0x0000000100000000)
  eden space 2560K, 99% used [0x00000000d5580000,0x00000000d57ffff0,0x00000000d5800000)
  from space 2048K, 96% used [0x00000000d5a80000,0x00000000d5c70000,0x00000000d5c80000)
  to   space 2048K, 0% used [0x00000000d5880000,0x00000000d5880000,0x00000000d5a80000)
 ParOldGen       total 156672K, used 152171K [0x0000000080000000, 0x0000000089900000, 0x00000000d5580000)
  object space 156672K, 97% used [0x0000000080000000,0x000000008949af58,0x0000000089900000)
 Metaspace       used 85153K, committed 86656K, reserved 1179648K
  class space    used 8622K, committed 9280K, reserved 1048576K
}
Event: 90.042 GC heap after
{Heap after GC invocations=768 (full 23):
 PSYoungGen      total 5120K, used 2048K [0x00000000d5580000, 0x00000000d6280000, 0x0000000100000000)
  eden space 3072K, 0% used [0x00000000d5580000,0x00000000d5580000,0x00000000d5880000)
  from space 2048K, 100% used [0x00000000d5880000,0x00000000d5a80000,0x00000000d5a80000)
  to   space 5120K, 0% used [0x00000000d5d80000,0x00000000d5d80000,0x00000000d6280000)
 ParOldGen       total 156672K, used 154491K [0x0000000080000000, 0x0000000089900000, 0x00000000d5580000)
  object space 156672K, 98% used [0x0000000080000000,0x00000000896def58,0x0000000089900000)
 Metaspace       used 85153K, committed 86656K, reserved 1179648K
  class space    used 8622K, committed 9280K, reserved 1048576K
}
Event: 90.042 GC heap before
{Heap before GC invocations=769 (full 24):
 PSYoungGen      total 5120K, used 2048K [0x00000000d5580000, 0x00000000d6280000, 0x0000000100000000)
  eden space 3072K, 0% used [0x00000000d5580000,0x00000000d5580000,0x00000000d5880000)
  from space 2048K, 100% used [0x00000000d5880000,0x00000000d5a80000,0x00000000d5a80000)
  to   space 5120K, 0% used [0x00000000d5d80000,0x00000000d5d80000,0x00000000d6280000)
 ParOldGen       total 156672K, used 154491K [0x0000000080000000, 0x0000000089900000, 0x00000000d5580000)
  object space 156672K, 98% used [0x0000000080000000,0x00000000896def58,0x0000000089900000)
 Metaspace       used 85153K, committed 86656K, reserved 1179648K
  class space    used 8622K, committed 9280K, reserved 1048576K
}

