# JRE version: Java(TM) SE Runtime Environment (17.0.9+11) (build 17.0.9+11-LTS-201)
# Java VM: Java HotSpot(TM) 64-Bit Server VM (17.0.9+11-LTS-201, mixed mode, sharing, tiered, compressed oops, compressed class ptrs, g1 gc, windows-amd64)
GC Precious Log:
 CPUs: 8 total, 8 available
 Memory: 16193M
 Large Page Support: Disabled
 NUMA Support: Disabled
 Compressed Oops: Enabled (Zero based)
 Heap Region Size: 2M
 Heap Min Capacity: 8M
 Heap Initial Capacity: 254M
 Heap Max Capacity: 4050M
 Pre-touch: Disabled
 Parallel Workers: 8
 Concurrent Workers: 2
 Concurrent Refinement Workers: 8
 Periodic GC: Disabled
Heap:
 garbage-first heap   total 161792K, used 63232K [0x0000000702e00000, 0x0000000800000000)
  region size 2048K, 20 young (40960K), 2 survivors (4096K)
 Metaspace       used 67713K, committed 68224K, reserved 1114112K
  class space    used 9445K, committed 9664K, reserved 1048576K
GC Heap History (20 events):
Event: 2.936 GC heap before
{Heap before GC invocations=5 (full 0):
 garbage-first heap   total 61440K, used 36462K [0x0000000702e00000, 0x0000000800000000)
  region size 2048K, 13 young (26624K), 2 survivors (4096K)
 Metaspace       used 29498K, committed 29952K, reserved 1114112K
  class space    used 3869K, committed 4096K, reserved 1048576K
}
Event: 2.939 GC heap after
{Heap after GC invocations=6 (full 0):
 garbage-first heap   total 61440K, used 17976K [0x0000000702e00000, 0x0000000800000000)
  region size 2048K, 2 young (4096K), 2 survivors (4096K)
 Metaspace       used 29498K, committed 29952K, reserved 1114112K
  class space    used 3869K, committed 4096K, reserved 1048576K
}
Event: 3.263 GC heap before
{Heap before GC invocations=6 (full 0):
 garbage-first heap   total 61440K, used 40504K [0x0000000702e00000, 0x0000000800000000)
  region size 2048K, 13 young (26624K), 2 survivors (4096K)
 Metaspace       used 32176K, committed 32640K, reserved 1114112K
  class space    used 4205K, committed 4416K, reserved 1048576K
}
Event: 3.266 GC heap after
{Heap after GC invocations=7 (full 0):
 garbage-first heap   total 61440K, used 19480K [0x0000000702e00000, 0x0000000800000000)
  region size 2048K, 2 young (4096K), 2 survivors (4096K)
 Metaspace       used 32176K, committed 32640K, reserved 1114112K
  class space    used 4205K, committed 4416K, reserved 1048576K
}
Event: 3.490 GC heap before
{Heap before GC invocations=7 (full 0):
 garbage-first heap   total 61440K, used 31768K [0x0000000702e00000, 0x0000000800000000)
  region size 2048K, 9 young (18432K), 2 survivors (4096K)
 Metaspace       used 35663K, committed 36096K, reserved 1114112K
  class space    used 4718K, committed 4928K, reserved 1048576K
}
Event: 3.494 GC heap after
{Heap after GC invocations=8 (full 0):
 garbage-first heap   total 61440K, used 20315K [0x0000000702e00000, 0x0000000800000000)
  region size 2048K, 2 young (4096K), 2 survivors (4096K)
 Metaspace       used 35663K, committed 36096K, reserved 1114112K
  class space    used 4718K, committed 4928K, reserved 1048576K
}
Event: 4.007 GC heap before
{Heap before GC invocations=9 (full 0):
 garbage-first heap   total 61440K, used 42843K [0x0000000702e00000, 0x0000000800000000)
  region size 2048K, 13 young (26624K), 2 survivors (4096K)
 Metaspace       used 44835K, committed 45312K, reserved 1114112K
  class space    used 5934K, committed 6144K, reserved 1048576K
}
Event: 4.010 GC heap after
{Heap after GC invocations=10 (full 0):
 garbage-first heap   total 61440K, used 22656K [0x0000000702e00000, 0x0000000800000000)
  region size 2048K, 2 young (4096K), 2 survivors (4096K)
 Metaspace       used 44835K, committed 45312K, reserved 1114112K
  class space    used 5934K, committed 6144K, reserved 1048576K
}
Event: 4.325 GC heap before
{Heap before GC invocations=10 (full 0):
 garbage-first heap   total 61440K, used 41088K [0x0000000702e00000, 0x0000000800000000)
  region size 2048K, 12 young (24576K), 2 survivors (4096K)
 Metaspace       used 49149K, committed 49600K, reserved 1114112K
  class space    used 6456K, committed 6656K, reserved 1048576K
}
Event: 4.327 GC heap after
{Heap after GC invocations=11 (full 0):
 garbage-first heap   total 61440K, used 24330K [0x0000000702e00000, 0x0000000800000000)
  region size 2048K, 1 young (2048K), 1 survivors (2048K)
 Metaspace       used 49149K, committed 49600K, reserved 1114112K
  class space    used 6456K, committed 6656K, reserved 1048576K
}
Event: 4.635 GC heap before
{Heap before GC invocations=11 (full 0):
 garbage-first heap   total 61440K, used 44810K [0x0000000702e00000, 0x0000000800000000)
  region size 2048K, 11 young (22528K), 1 survivors (2048K)
 Metaspace       used 54545K, committed 55040K, reserved 1114112K
  class space    used 7367K, committed 7616K, reserved 1048576K
}
Event: 4.637 GC heap after
{Heap after GC invocations=12 (full 0):
 garbage-first heap   total 61440K, used 24988K [0x0000000702e00000, 0x0000000800000000)
  region size 2048K, 2 young (4096K), 2 survivors (4096K)
 Metaspace       used 54545K, committed 55040K, reserved 1114112K
  class space    used 7367K, committed 7616K, reserved 1048576K
}
Event: 4.908 GC heap before
{Heap before GC invocations=12 (full 0):
 garbage-first heap   total 61440K, used 45468K [0x0000000702e00000, 0x0000000800000000)
  region size 2048K, 12 young (24576K), 2 survivors (4096K)
 Metaspace       used 57876K, committed 58368K, reserved 1114112K
  class space    used 7850K, committed 8064K, reserved 1048576K
}
Event: 4.910 GC heap after
{Heap after GC invocations=13 (full 0):
 garbage-first heap   total 61440K, used 25743K [0x0000000702e00000, 0x0000000800000000)
  region size 2048K, 1 young (2048K), 1 survivors (2048K)
 Metaspace       used 57876K, committed 58368K, reserved 1114112K
  class space    used 7850K, committed 8064K, reserved 1048576K
}
Event: 5.088 GC heap before
{Heap before GC invocations=13 (full 0):
 garbage-first heap   total 61440K, used 33935K [0x0000000702e00000, 0x0000000800000000)
  region size 2048K, 6 young (12288K), 1 survivors (2048K)
 Metaspace       used 59934K, committed 60416K, reserved 1114112K
  class space    used 8145K, committed 8384K, reserved 1048576K
}
Event: 5.090 GC heap after
{Heap after GC invocations=14 (full 0):
 garbage-first heap   total 61440K, used 26254K [0x0000000702e00000, 0x0000000800000000)
  region size 2048K, 2 young (4096K), 2 survivors (4096K)
 Metaspace       used 59934K, committed 60416K, reserved 1114112K
  class space    used 8145K, committed 8384K, reserved 1048576K
}
Event: 5.325 GC heap before
{Heap before GC invocations=15 (full 0):
 garbage-first heap   total 61440K, used 44686K [0x0000000702e00000, 0x0000000800000000)
  region size 2048K, 11 young (22528K), 2 survivors (4096K)
 Metaspace       used 61944K, committed 62528K, reserved 1114112K
  class space    used 8436K, committed 8704K, reserved 1048576K
}
Event: 5.329 GC heap after
{Heap after GC invocations=16 (full 0):
 garbage-first heap   total 61440K, used 27565K [0x0000000702e00000, 0x0000000800000000)
  region size 2048K, 2 young (4096K), 2 survivors (4096K)
 Metaspace       used 61944K, committed 62528K, reserved 1114112K
  class space    used 8436K, committed 8704K, reserved 1048576K
}
Event: 5.501 GC heap before
{Heap before GC invocations=16 (full 0):
 garbage-first heap   total 61440K, used 45997K [0x0000000702e00000, 0x0000000800000000)
  region size 2048K, 11 young (22528K), 2 survivors (4096K)
 Metaspace       used 63224K, committed 63808K, reserved 1114112K
  class space    used 8626K, committed 8896K, reserved 1048576K
}
Event: 5.504 GC heap after
{Heap after GC invocations=17 (full 0):
 garbage-first heap   total 161792K, used 28416K [0x0000000702e00000, 0x0000000800000000)
  region size 2048K, 2 young (4096K), 2 survivors (4096K)
 Metaspace       used 63224K, committed 63808K, reserved 1114112K
  class space    used 8626K, committed 8896K, reserved 1048576K
}

