# JRE version: Java(TM) SE Runtime Environment (17.0.9+11) (build 17.0.9+11-LTS-201)
# Java VM: Java HotSpot(TM) 64-Bit Server VM (17.0.9+11-LTS-201, mixed mode, sharing, tiered, compressed oops, compressed class ptrs, g1 gc, windows-amd64)
GC Precious Log:
 CPUs: 8 total, 8 available
 Memory: 16193M
 Large Page Support: Disabled
 NUMA Support: Disabled
 Compressed Oops: Enabled (Zero based)
 Heap Region Size: 2M
 Heap Min Capacity: 8M
 Heap Initial Capacity: 254M
 Heap Max Capacity: 4050M
 Pre-touch: Disabled
 Parallel Workers: 8
 Concurrent Workers: 2
 Concurrent Refinement Workers: 8
 Periodic GC: Disabled
Heap:
 garbage-first heap   total 96256K, used 56297K [0x0000000702e00000, 0x0000000800000000)
  region size 2048K, 11 young (22528K), 1 survivors (2048K)
 Metaspace       used 81640K, committed 82304K, reserved 1179648K
  class space    used 11186K, committed 11456K, reserved 1048576K
GC Heap History (20 events):
Event: 7.416 GC heap before
{Heap before GC invocations=12 (full 0):
 garbage-first heap   total 61440K, used 24226K [0x0000000702e00000, 0x0000000800000000)
  region size 2048K, 3 young (6144K), 2 survivors (4096K)
 Metaspace       used 46075K, committed 46592K, reserved 1114112K
  class space    used 6087K, committed 6336K, reserved 1048576K
}
Event: 7.422 GC heap after
{Heap after GC invocations=13 (full 0):
 garbage-first heap   total 61440K, used 22486K [0x0000000702e00000, 0x0000000800000000)
  region size 2048K, 1 young (2048K), 1 survivors (2048K)
 Metaspace       used 46075K, committed 46592K, reserved 1114112K
  class space    used 6087K, committed 6336K, reserved 1048576K
}
Event: 7.945 GC heap before
{Heap before GC invocations=13 (full 0):
 garbage-first heap   total 61440K, used 45014K [0x0000000702e00000, 0x0000000800000000)
  region size 2048K, 12 young (24576K), 1 survivors (2048K)
 Metaspace       used 50436K, committed 50880K, reserved 1114112K
  class space    used 6647K, committed 6848K, reserved 1048576K
}
Event: 7.948 GC heap after
{Heap after GC invocations=14 (full 0):
 garbage-first heap   total 161792K, used 23400K [0x0000000702e00000, 0x0000000800000000)
  region size 2048K, 1 young (2048K), 1 survivors (2048K)
 Metaspace       used 50436K, committed 50880K, reserved 1114112K
  class space    used 6647K, committed 6848K, reserved 1048576K
}
Event: 9.340 GC heap before
{Heap before GC invocations=14 (full 0):
 garbage-first heap   total 161792K, used 62312K [0x0000000702e00000, 0x0000000800000000)
  region size 2048K, 21 young (43008K), 1 survivors (2048K)
 Metaspace       used 59754K, committed 60288K, reserved 1114112K
  class space    used 8132K, committed 8384K, reserved 1048576K
}
Event: 9.350 GC heap after
{Heap after GC invocations=15 (full 0):
 garbage-first heap   total 161792K, used 25002K [0x0000000702e00000, 0x0000000800000000)
  region size 2048K, 2 young (4096K), 2 survivors (4096K)
 Metaspace       used 59754K, committed 60288K, reserved 1114112K
  class space    used 8132K, committed 8384K, reserved 1048576K
}
Event: 10.510 GC heap before
{Heap before GC invocations=16 (full 0):
 garbage-first heap   total 96256K, used 78250K [0x0000000702e00000, 0x0000000800000000)
  region size 2048K, 28 young (57344K), 2 survivors (4096K)
 Metaspace       used 64612K, committed 65088K, reserved 1114112K
  class space    used 8916K, committed 9152K, reserved 1048576K
}
Event: 10.516 GC heap after
{Heap after GC invocations=17 (full 0):
 garbage-first heap   total 96256K, used 28035K [0x0000000702e00000, 0x0000000800000000)
  region size 2048K, 4 young (8192K), 4 survivors (8192K)
 Metaspace       used 64612K, committed 65088K, reserved 1114112K
  class space    used 8916K, committed 9152K, reserved 1048576K
}
Event: 10.565 GC heap before
{Heap before GC invocations=17 (full 0):
 garbage-first heap   total 96256K, used 30083K [0x0000000702e00000, 0x0000000800000000)
  region size 2048K, 5 young (10240K), 4 survivors (8192K)
 Metaspace       used 64866K, committed 65344K, reserved 1114112K
  class space    used 8937K, committed 9152K, reserved 1048576K
}
Event: 10.572 GC heap after
{Heap after GC invocations=18 (full 0):
 garbage-first heap   total 96256K, used 28914K [0x0000000702e00000, 0x0000000800000000)
  region size 2048K, 1 young (2048K), 1 survivors (2048K)
 Metaspace       used 64866K, committed 65344K, reserved 1114112K
  class space    used 8937K, committed 9152K, reserved 1048576K
}
Event: 11.103 GC heap before
{Heap before GC invocations=18 (full 0):
 garbage-first heap   total 96256K, used 71922K [0x0000000702e00000, 0x0000000800000000)
  region size 2048K, 23 young (47104K), 1 survivors (2048K)
 Metaspace       used 68649K, committed 69120K, reserved 1114112K
  class space    used 9577K, committed 9792K, reserved 1048576K
}
Event: 11.107 GC heap after
{Heap after GC invocations=19 (full 0):
 garbage-first heap   total 96256K, used 30323K [0x0000000702e00000, 0x0000000800000000)
  region size 2048K, 2 young (4096K), 2 survivors (4096K)
 Metaspace       used 68649K, committed 69120K, reserved 1114112K
  class space    used 9577K, committed 9792K, reserved 1048576K
}
Event: 11.845 GC heap before
{Heap before GC invocations=19 (full 0):
 garbage-first heap   total 96256K, used 73331K [0x0000000702e00000, 0x0000000800000000)
  region size 2048K, 23 young (47104K), 2 survivors (4096K)
 Metaspace       used 72513K, committed 73088K, reserved 1114112K
  class space    used 10118K, committed 10368K, reserved 1048576K
}
Event: 11.850 GC heap after
{Heap after GC invocations=20 (full 0):
 garbage-first heap   total 96256K, used 33376K [0x0000000702e00000, 0x0000000800000000)
  region size 2048K, 3 young (6144K), 3 survivors (6144K)
 Metaspace       used 72513K, committed 73088K, reserved 1114112K
  class space    used 10118K, committed 10368K, reserved 1048576K
}
Event: 85.418 GC heap before
{Heap before GC invocations=20 (full 0):
 garbage-first heap   total 96256K, used 74336K [0x0000000702e00000, 0x0000000800000000)
  region size 2048K, 23 young (47104K), 3 survivors (6144K)
 Metaspace       used 77985K, committed 78592K, reserved 1179648K
  class space    used 10779K, committed 11072K, reserved 1048576K
}
Event: 85.436 GC heap after
{Heap after GC invocations=21 (full 0):
 garbage-first heap   total 96256K, used 36533K [0x0000000702e00000, 0x0000000800000000)
  region size 2048K, 3 young (6144K), 3 survivors (6144K)
 Metaspace       used 77985K, committed 78592K, reserved 1179648K
  class space    used 10779K, committed 11072K, reserved 1048576K
}
Event: 380.443 GC heap before
{Heap before GC invocations=21 (full 0):
 garbage-first heap   total 96256K, used 75445K [0x0000000702e00000, 0x0000000800000000)
  region size 2048K, 22 young (45056K), 3 survivors (6144K)
 Metaspace       used 78069K, committed 78720K, reserved 1179648K
  class space    used 10779K, committed 11072K, reserved 1048576K
}
Event: 380.456 GC heap after
{Heap after GC invocations=22 (full 0):
 garbage-first heap   total 96256K, used 37604K [0x0000000702e00000, 0x0000000800000000)
  region size 2048K, 1 young (2048K), 1 survivors (2048K)
 Metaspace       used 78069K, committed 78720K, reserved 1179648K
  class space    used 10779K, committed 11072K, reserved 1048576K
}
Event: 494.097 GC heap before
{Heap before GC invocations=22 (full 0):
 garbage-first heap   total 96256K, used 76516K [0x0000000702e00000, 0x0000000800000000)
  region size 2048K, 20 young (40960K), 1 survivors (2048K)
 Metaspace       used 81142K, committed 81728K, reserved 1179648K
  class space    used 11155K, committed 11456K, reserved 1048576K
}
Event: 494.104 GC heap after
{Heap after GC invocations=23 (full 0):
 garbage-first heap   total 96256K, used 37865K [0x0000000702e00000, 0x0000000800000000)
  region size 2048K, 1 young (2048K), 1 survivors (2048K)
 Metaspace       used 81142K, committed 81728K, reserved 1179648K
  class space    used 11155K, committed 11456K, reserved 1048576K
}

