# JRE version: Java(TM) SE Runtime Environment (17.0.9+11) (build 17.0.9+11-LTS-201)
# Java VM: Java HotSpot(TM) 64-Bit Server VM (17.0.9+11-LTS-201, mixed mode, sharing, tiered, compressed oops, compressed class ptrs, g1 gc, windows-amd64)
GC Precious Log:
 CPUs: 8 total, 8 available
 Memory: 16193M
 Large Page Support: Disabled
 NUMA Support: Disabled
 Compressed Oops: Enabled (Zero based)
 Heap Region Size: 2M
 Heap Min Capacity: 8M
 Heap Initial Capacity: 254M
 Heap Max Capacity: 4050M
 Pre-touch: Disabled
 Parallel Workers: 8
 Concurrent Workers: 2
 Concurrent Refinement Workers: 8
 Periodic GC: Disabled
Heap:
 garbage-first heap   total 79872K, used 42735K [0x0000000702e00000, 0x0000000800000000)
  region size 2048K, 6 young (12288K), 2 survivors (4096K)
 Metaspace       used 77690K, committed 78272K, reserved 1179648K
  class space    used 10771K, committed 11008K, reserved 1048576K
GC Heap History (20 events):
Event: 9.540 GC heap before
{Heap before GC invocations=15 (full 0):
 garbage-first heap   total 61440K, used 44915K [0x0000000702e00000, 0x0000000800000000)
  region size 2048K, 13 young (26624K), 2 survivors (4096K)
 Metaspace       used 59947K, committed 60416K, reserved 1114112K
  class space    used 8150K, committed 8384K, reserved 1048576K
}
Event: 9.545 GC heap after
{Heap after GC invocations=16 (full 0):
 garbage-first heap   total 61440K, used 25603K [0x0000000702e00000, 0x0000000800000000)
  region size 2048K, 1 young (2048K), 1 survivors (2048K)
 Metaspace       used 59947K, committed 60416K, reserved 1114112K
  class space    used 8150K, committed 8384K, reserved 1048576K
}
Event: 9.971 GC heap before
{Heap before GC invocations=17 (full 0):
 garbage-first heap   total 61440K, used 48131K [0x0000000702e00000, 0x0000000800000000)
  region size 2048K, 12 young (24576K), 1 survivors (2048K)
 Metaspace       used 62962K, committed 63488K, reserved 1114112K
  class space    used 8604K, committed 8832K, reserved 1048576K
}
Event: 9.976 GC heap after
{Heap after GC invocations=18 (full 0):
 garbage-first heap   total 61440K, used 27166K [0x0000000702e00000, 0x0000000800000000)
  region size 2048K, 2 young (4096K), 2 survivors (4096K)
 Metaspace       used 62962K, committed 63488K, reserved 1114112K
  class space    used 8604K, committed 8832K, reserved 1048576K
}
Event: 10.193 GC heap before
{Heap before GC invocations=19 (full 0):
 garbage-first heap   total 61440K, used 47646K [0x0000000702e00000, 0x0000000800000000)
  region size 2048K, 12 young (24576K), 2 survivors (4096K)
 Metaspace       used 63183K, committed 63744K, reserved 1114112K
  class space    used 8625K, committed 8896K, reserved 1048576K
}
Event: 10.198 GC heap after
{Heap after GC invocations=20 (full 0):
 garbage-first heap   total 61440K, used 27758K [0x0000000702e00000, 0x0000000800000000)
  region size 2048K, 2 young (4096K), 2 survivors (4096K)
 Metaspace       used 63183K, committed 63744K, reserved 1114112K
  class space    used 8625K, committed 8896K, reserved 1048576K
}
Event: 10.578 GC heap before
{Heap before GC invocations=20 (full 0):
 garbage-first heap   total 61440K, used 46190K [0x0000000702e00000, 0x0000000800000000)
  region size 2048K, 12 young (24576K), 2 survivors (4096K)
 Metaspace       used 66377K, committed 66944K, reserved 1114112K
  class space    used 9270K, committed 9536K, reserved 1048576K
}
Event: 10.582 GC heap after
{Heap after GC invocations=21 (full 0):
 garbage-first heap   total 61440K, used 29501K [0x0000000702e00000, 0x0000000800000000)
  region size 2048K, 2 young (4096K), 2 survivors (4096K)
 Metaspace       used 66377K, committed 66944K, reserved 1114112K
  class space    used 9270K, committed 9536K, reserved 1048576K
}
Event: 10.783 GC heap before
{Heap before GC invocations=21 (full 0):
 garbage-first heap   total 61440K, used 47933K [0x0000000702e00000, 0x0000000800000000)
  region size 2048K, 11 young (22528K), 2 survivors (4096K)
 Metaspace       used 67749K, committed 68352K, reserved 1114112K
  class space    used 9457K, committed 9728K, reserved 1048576K
}
Event: 10.787 GC heap after
{Heap after GC invocations=22 (full 0):
 garbage-first heap   total 61440K, used 30099K [0x0000000702e00000, 0x0000000800000000)
  region size 2048K, 2 young (4096K), 2 survivors (4096K)
 Metaspace       used 67749K, committed 68352K, reserved 1114112K
  class space    used 9457K, committed 9728K, reserved 1048576K
}
Event: 11.164 GC heap before
{Heap before GC invocations=22 (full 0):
 garbage-first heap   total 61440K, used 48531K [0x0000000702e00000, 0x0000000800000000)
  region size 2048K, 11 young (22528K), 2 survivors (4096K)
 Metaspace       used 69023K, committed 69632K, reserved 1114112K
  class space    used 9652K, committed 9920K, reserved 1048576K
}
Event: 11.169 GC heap after
{Heap after GC invocations=23 (full 0):
 garbage-first heap   total 61440K, used 30991K [0x0000000702e00000, 0x0000000800000000)
  region size 2048K, 1 young (2048K), 1 survivors (2048K)
 Metaspace       used 69023K, committed 69632K, reserved 1114112K
  class space    used 9652K, committed 9920K, reserved 1048576K
}
Event: 11.571 GC heap before
{Heap before GC invocations=24 (full 0):
 garbage-first heap   total 61440K, used 49423K [0x0000000702e00000, 0x0000000800000000)
  region size 2048K, 10 young (20480K), 1 survivors (2048K)
 Metaspace       used 70540K, committed 71168K, reserved 1114112K
  class space    used 9867K, committed 10176K, reserved 1048576K
}
Event: 11.574 GC heap after
{Heap after GC invocations=25 (full 0):
 garbage-first heap   total 61440K, used 32162K [0x0000000702e00000, 0x0000000800000000)
  region size 2048K, 2 young (4096K), 2 survivors (4096K)
 Metaspace       used 70540K, committed 71168K, reserved 1114112K
  class space    used 9867K, committed 10176K, reserved 1048576K
}
Event: 11.876 GC heap before
{Heap before GC invocations=25 (full 0):
 garbage-first heap   total 61440K, used 48546K [0x0000000702e00000, 0x0000000800000000)
  region size 2048K, 10 young (20480K), 2 survivors (4096K)
 Metaspace       used 71976K, committed 72576K, reserved 1114112K
  class space    used 10065K, committed 10368K, reserved 1048576K
}
Event: 11.881 GC heap after
{Heap after GC invocations=26 (full 0):
 garbage-first heap   total 61440K, used 33453K [0x0000000702e00000, 0x0000000800000000)
  region size 2048K, 2 young (4096K), 2 survivors (4096K)
 Metaspace       used 71976K, committed 72576K, reserved 1114112K
  class space    used 10065K, committed 10368K, reserved 1048576K
}
Event: 12.276 GC heap before
{Heap before GC invocations=27 (full 0):
 garbage-first heap   total 65536K, used 45741K [0x0000000702e00000, 0x0000000800000000)
  region size 2048K, 8 young (16384K), 2 survivors (4096K)
 Metaspace       used 74363K, committed 74944K, reserved 1114112K
  class space    used 10383K, committed 10624K, reserved 1048576K
}
Event: 12.282 GC heap after
{Heap after GC invocations=28 (full 0):
 garbage-first heap   total 65536K, used 34316K [0x0000000702e00000, 0x0000000800000000)
  region size 2048K, 1 young (2048K), 1 survivors (2048K)
 Metaspace       used 74363K, committed 74944K, reserved 1114112K
  class space    used 10383K, committed 10624K, reserved 1048576K
}
Event: 20.735 GC heap before
{Heap before GC invocations=28 (full 0):
 garbage-first heap   total 65536K, used 50700K [0x0000000702e00000, 0x0000000800000000)
  region size 2048K, 9 young (18432K), 1 survivors (2048K)
 Metaspace       used 77185K, committed 77824K, reserved 1179648K
  class space    used 10730K, committed 11008K, reserved 1048576K
}
Event: 20.741 GC heap after
{Heap after GC invocations=29 (full 0):
 garbage-first heap   total 79872K, used 36591K [0x0000000702e00000, 0x0000000800000000)
  region size 2048K, 2 young (4096K), 2 survivors (4096K)
 Metaspace       used 77185K, committed 77824K, reserved 1179648K
  class space    used 10730K, committed 11008K, reserved 1048576K
}

