# JRE version: OpenJDK Runtime Environment Temurin-17.0.11+9 (17.0.11+9) (build 17.0.11+9)
# Java VM: OpenJDK 64-Bit Server VM Temurin-17.0.11+9 (17.0.11+9, mixed mode, tiered, compressed oops, compressed class ptrs, parallel gc, windows-amd64)
GC Precious Log:
 CPUs: 8 total, 8 available
 Memory: 16193M
 Large Page Support: Disabled
 NUMA Support: Disabled
 Compressed Oops: Enabled (32-bit)
 Alignments: Space 512K, Generation 512K, Heap 2M
 Heap Min Capacity: 100M
 Heap Initial Capacity: 100M
 Heap Max Capacity: 2G
 Pre-touch: Disabled
 Parallel Workers: 8
Heap:
 PSYoungGen      total 15872K, used 833K [0x00000000d5580000, 0x00000000d6700000, 0x0000000100000000)
  eden space 14848K, 0% used [0x00000000d5580000,0x00000000d5580000,0x00000000d6400000)
  from space 1024K, 81% used [0x00000000d6600000,0x00000000d66d0640,0x00000000d6700000)
  to   space 1024K, 0% used [0x00000000d6500000,0x00000000d6500000,0x00000000d6600000)
 ParOldGen       total 70144K, used 69283K [0x0000000080000000, 0x0000000084480000, 0x00000000d5580000)
  object space 70144K, 98% used [0x0000000080000000,0x00000000843a8d90,0x0000000084480000)
 Metaspace       used 63825K, committed 65152K, reserved 1114112K
  class space    used 6842K, committed 7424K, reserved 1048576K
GC Heap History (20 events):
Event: 8.291 GC heap after
{Heap after GC invocations=46 (full 3):
 PSYoungGen      total 18432K, used 1021K [0x00000000d5580000, 0x00000000d6a80000, 0x0000000100000000)
  eden space 17408K, 0% used [0x00000000d5580000,0x00000000d5580000,0x00000000d6680000)
  from space 1024K, 99% used [0x00000000d6780000,0x00000000d687f440,0x00000000d6880000)
  to   space 2048K, 0% used [0x00000000d6880000,0x00000000d6880000,0x00000000d6a80000)
 ParOldGen       total 68608K, used 56867K [0x0000000080000000, 0x0000000084300000, 0x00000000d5580000)
  object space 68608K, 82% used [0x0000000080000000,0x0000000083788ef8,0x0000000084300000)
 Metaspace       used 63047K, committed 64384K, reserved 1114112K
  class space    used 6743K, committed 7296K, reserved 1048576K
}
Event: 8.339 GC heap before
{Heap before GC invocations=47 (full 3):
 PSYoungGen      total 18432K, used 18429K [0x00000000d5580000, 0x00000000d6a80000, 0x0000000100000000)
  eden space 17408K, 100% used [0x00000000d5580000,0x00000000d6680000,0x00000000d6680000)
  from space 1024K, 99% used [0x00000000d6780000,0x00000000d687f440,0x00000000d6880000)
  to   space 2048K, 0% used [0x00000000d6880000,0x00000000d6880000,0x00000000d6a80000)
 ParOldGen       total 68608K, used 56867K [0x0000000080000000, 0x0000000084300000, 0x00000000d5580000)
  object space 68608K, 82% used [0x0000000080000000,0x0000000083788ef8,0x0000000084300000)
 Metaspace       used 63155K, committed 64448K, reserved 1114112K
  class space    used 6760K, committed 7296K, reserved 1048576K
}
Event: 8.341 GC heap after
{Heap after GC invocations=47 (full 3):
 PSYoungGen      total 18944K, used 2025K [0x00000000d5580000, 0x00000000d6b80000, 0x0000000100000000)
  eden space 16896K, 0% used [0x00000000d5580000,0x00000000d5580000,0x00000000d6600000)
  from space 2048K, 98% used [0x00000000d6880000,0x00000000d6a7a780,0x00000000d6a80000)
  to   space 2560K, 0% used [0x00000000d6600000,0x00000000d6600000,0x00000000d6880000)
 ParOldGen       total 68608K, used 60453K [0x0000000080000000, 0x0000000084300000, 0x00000000d5580000)
  object space 68608K, 88% used [0x0000000080000000,0x0000000083b09670,0x0000000084300000)
 Metaspace       used 63155K, committed 64448K, reserved 1114112K
  class space    used 6760K, committed 7296K, reserved 1048576K
}
Event: 8.363 GC heap before
{Heap before GC invocations=48 (full 3):
 PSYoungGen      total 18944K, used 18921K [0x00000000d5580000, 0x00000000d6b80000, 0x0000000100000000)
  eden space 16896K, 100% used [0x00000000d5580000,0x00000000d6600000,0x00000000d6600000)
  from space 2048K, 98% used [0x00000000d6880000,0x00000000d6a7a780,0x00000000d6a80000)
  to   space 2560K, 0% used [0x00000000d6600000,0x00000000d6600000,0x00000000d6880000)
 ParOldGen       total 68608K, used 60453K [0x0000000080000000, 0x0000000084300000, 0x00000000d5580000)
  object space 68608K, 88% used [0x0000000080000000,0x0000000083b09670,0x0000000084300000)
 Metaspace       used 63216K, committed 64512K, reserved 1114112K
  class space    used 6770K, committed 7296K, reserved 1048576K
}
Event: 8.364 GC heap after
{Heap after GC invocations=48 (full 3):
 PSYoungGen      total 17408K, used 508K [0x00000000d5580000, 0x00000000d6900000, 0x0000000100000000)
  eden space 16896K, 0% used [0x00000000d5580000,0x00000000d5580000,0x00000000d6600000)
  from space 512K, 99% used [0x00000000d6600000,0x00000000d667f148,0x00000000d6680000)
  to   space 1536K, 0% used [0x00000000d6780000,0x00000000d6780000,0x00000000d6900000)
 ParOldGen       total 68608K, used 62063K [0x0000000080000000, 0x0000000084300000, 0x00000000d5580000)
  object space 68608K, 90% used [0x0000000080000000,0x0000000083c9be00,0x0000000084300000)
 Metaspace       used 63216K, committed 64512K, reserved 1114112K
  class space    used 6770K, committed 7296K, reserved 1048576K
}
Event: 8.406 GC heap before
{Heap before GC invocations=49 (full 3):
 PSYoungGen      total 17408K, used 17404K [0x00000000d5580000, 0x00000000d6900000, 0x0000000100000000)
  eden space 16896K, 100% used [0x00000000d5580000,0x00000000d6600000,0x00000000d6600000)
  from space 512K, 99% used [0x00000000d6600000,0x00000000d667f148,0x00000000d6680000)
  to   space 1536K, 0% used [0x00000000d6780000,0x00000000d6780000,0x00000000d6900000)
 ParOldGen       total 68608K, used 62063K [0x0000000080000000, 0x0000000084300000, 0x00000000d5580000)
  object space 68608K, 90% used [0x0000000080000000,0x0000000083c9be00,0x0000000084300000)
 Metaspace       used 63422K, committed 64768K, reserved 1114112K
  class space    used 6804K, committed 7424K, reserved 1048576K
}
Event: 8.407 GC heap after
{Heap after GC invocations=49 (full 3):
 PSYoungGen      total 17920K, used 810K [0x00000000d5580000, 0x00000000d6880000, 0x0000000100000000)
  eden space 16896K, 0% used [0x00000000d5580000,0x00000000d5580000,0x00000000d6600000)
  from space 1024K, 79% used [0x00000000d6780000,0x00000000d684a8a8,0x00000000d6880000)
  to   space 1024K, 0% used [0x00000000d6680000,0x00000000d6680000,0x00000000d6780000)
 ParOldGen       total 68608K, used 62355K [0x0000000080000000, 0x0000000084300000, 0x00000000d5580000)
  object space 68608K, 90% used [0x0000000080000000,0x0000000083ce4fd8,0x0000000084300000)
 Metaspace       used 63422K, committed 64768K, reserved 1114112K
  class space    used 6804K, committed 7424K, reserved 1048576K
}
Event: 8.431 GC heap before
{Heap before GC invocations=50 (full 3):
 PSYoungGen      total 17920K, used 17706K [0x00000000d5580000, 0x00000000d6880000, 0x0000000100000000)
  eden space 16896K, 100% used [0x00000000d5580000,0x00000000d6600000,0x00000000d6600000)
  from space 1024K, 79% used [0x00000000d6780000,0x00000000d684a8a8,0x00000000d6880000)
  to   space 1024K, 0% used [0x00000000d6680000,0x00000000d6680000,0x00000000d6780000)
 ParOldGen       total 68608K, used 62355K [0x0000000080000000, 0x0000000084300000, 0x00000000d5580000)
  object space 68608K, 90% used [0x0000000080000000,0x0000000083ce4fd8,0x0000000084300000)
 Metaspace       used 63583K, committed 64960K, reserved 1114112K
  class space    used 6818K, committed 7424K, reserved 1048576K
}
Event: 8.432 GC heap after
{Heap after GC invocations=50 (full 3):
 PSYoungGen      total 17920K, used 736K [0x00000000d5580000, 0x00000000d6800000, 0x0000000100000000)
  eden space 16896K, 0% used [0x00000000d5580000,0x00000000d5580000,0x00000000d6600000)
  from space 1024K, 71% used [0x00000000d6680000,0x00000000d67381a8,0x00000000d6780000)
  to   space 512K, 0% used [0x00000000d6780000,0x00000000d6780000,0x00000000d6800000)
 ParOldGen       total 68608K, used 63025K [0x0000000080000000, 0x0000000084300000, 0x00000000d5580000)
  object space 68608K, 91% used [0x0000000080000000,0x0000000083d8c488,0x0000000084300000)
 Metaspace       used 63583K, committed 64960K, reserved 1114112K
  class space    used 6818K, committed 7424K, reserved 1048576K
}
Event: 8.461 GC heap before
{Heap before GC invocations=51 (full 3):
 PSYoungGen      total 17920K, used 17632K [0x00000000d5580000, 0x00000000d6800000, 0x0000000100000000)
  eden space 16896K, 100% used [0x00000000d5580000,0x00000000d6600000,0x00000000d6600000)
  from space 1024K, 71% used [0x00000000d6680000,0x00000000d67381a8,0x00000000d6780000)
  to   space 512K, 0% used [0x00000000d6780000,0x00000000d6780000,0x00000000d6800000)
 ParOldGen       total 68608K, used 63025K [0x0000000080000000, 0x0000000084300000, 0x00000000d5580000)
  object space 68608K, 91% used [0x0000000080000000,0x0000000083d8c488,0x0000000084300000)
 Metaspace       used 63629K, committed 64960K, reserved 1114112K
  class space    used 6824K, committed 7424K, reserved 1048576K
}
Event: 8.463 GC heap after
{Heap after GC invocations=51 (full 3):
 PSYoungGen      total 15360K, used 492K [0x00000000d5580000, 0x00000000d6d00000, 0x0000000100000000)
  eden space 14848K, 0% used [0x00000000d5580000,0x00000000d5580000,0x00000000d6400000)
  from space 512K, 96% used [0x00000000d6780000,0x00000000d67fb2c8,0x00000000d6800000)
  to   space 3584K, 0% used [0x00000000d6400000,0x00000000d6400000,0x00000000d6780000)
 ParOldGen       total 68608K, used 65446K [0x0000000080000000, 0x0000000084300000, 0x00000000d5580000)
  object space 68608K, 95% used [0x0000000080000000,0x0000000083fe9ac0,0x0000000084300000)
 Metaspace       used 63629K, committed 64960K, reserved 1114112K
  class space    used 6824K, committed 7424K, reserved 1048576K
}
Event: 8.483 GC heap before
{Heap before GC invocations=52 (full 3):
 PSYoungGen      total 15360K, used 15340K [0x00000000d5580000, 0x00000000d6d00000, 0x0000000100000000)
  eden space 14848K, 100% used [0x00000000d5580000,0x00000000d6400000,0x00000000d6400000)
  from space 512K, 96% used [0x00000000d6780000,0x00000000d67fb2c8,0x00000000d6800000)
  to   space 3584K, 0% used [0x00000000d6400000,0x00000000d6400000,0x00000000d6780000)
 ParOldGen       total 68608K, used 65446K [0x0000000080000000, 0x0000000084300000, 0x00000000d5580000)
  object space 68608K, 95% used [0x0000000080000000,0x0000000083fe9ac0,0x0000000084300000)
 Metaspace       used 63702K, committed 65024K, reserved 1114112K
  class space    used 6830K, committed 7424K, reserved 1048576K
}
Event: 8.484 GC heap after
{Heap after GC invocations=52 (full 3):
 PSYoungGen      total 16384K, used 1140K [0x00000000d5580000, 0x00000000d6800000, 0x0000000100000000)
  eden space 14848K, 0% used [0x00000000d5580000,0x00000000d5580000,0x00000000d6400000)
  from space 1536K, 74% used [0x00000000d6400000,0x00000000d651d040,0x00000000d6580000)
  to   space 2048K, 0% used [0x00000000d6600000,0x00000000d6600000,0x00000000d6800000)
 ParOldGen       total 68608K, used 65890K [0x0000000080000000, 0x0000000084300000, 0x00000000d5580000)
  object space 68608K, 96% used [0x0000000080000000,0x0000000084058978,0x0000000084300000)
 Metaspace       used 63702K, committed 65024K, reserved 1114112K
  class space    used 6830K, committed 7424K, reserved 1048576K
}
Event: 8.516 GC heap before
{Heap before GC invocations=53 (full 3):
 PSYoungGen      total 16384K, used 15988K [0x00000000d5580000, 0x00000000d6800000, 0x0000000100000000)
  eden space 14848K, 100% used [0x00000000d5580000,0x00000000d6400000,0x00000000d6400000)
  from space 1536K, 74% used [0x00000000d6400000,0x00000000d651d040,0x00000000d6580000)
  to   space 2048K, 0% used [0x00000000d6600000,0x00000000d6600000,0x00000000d6800000)
 ParOldGen       total 68608K, used 65890K [0x0000000080000000, 0x0000000084300000, 0x00000000d5580000)
  object space 68608K, 96% used [0x0000000080000000,0x0000000084058978,0x0000000084300000)
 Metaspace       used 63737K, committed 65088K, reserved 1114112K
  class space    used 6835K, committed 7424K, reserved 1048576K
}
Event: 8.517 GC heap after
{Heap after GC invocations=53 (full 3):
 PSYoungGen      total 15872K, used 524K [0x00000000d5580000, 0x00000000d6700000, 0x0000000100000000)
  eden space 14848K, 0% used [0x00000000d5580000,0x00000000d5580000,0x00000000d6400000)
  from space 1024K, 51% used [0x00000000d6600000,0x00000000d6683068,0x00000000d6700000)
  to   space 1024K, 0% used [0x00000000d6500000,0x00000000d6500000,0x00000000d6600000)
 ParOldGen       total 68608K, used 66738K [0x0000000080000000, 0x0000000084300000, 0x00000000d5580000)
  object space 68608K, 97% used [0x0000000080000000,0x000000008412cb98,0x0000000084300000)
 Metaspace       used 63737K, committed 65088K, reserved 1114112K
  class space    used 6835K, committed 7424K, reserved 1048576K
}
Event: 8.540 GC heap before
{Heap before GC invocations=54 (full 3):
 PSYoungGen      total 15872K, used 15372K [0x00000000d5580000, 0x00000000d6700000, 0x0000000100000000)
  eden space 14848K, 100% used [0x00000000d5580000,0x00000000d6400000,0x00000000d6400000)
  from space 1024K, 51% used [0x00000000d6600000,0x00000000d6683068,0x00000000d6700000)
  to   space 1024K, 0% used [0x00000000d6500000,0x00000000d6500000,0x00000000d6600000)
 ParOldGen       total 68608K, used 66738K [0x0000000080000000, 0x0000000084300000, 0x00000000d5580000)
  object space 68608K, 97% used [0x0000000080000000,0x000000008412cb98,0x0000000084300000)
 Metaspace       used 63798K, committed 65152K, reserved 1114112K
  class space    used 6842K, committed 7424K, reserved 1048576K
}
Event: 8.541 GC heap after
{Heap after GC invocations=54 (full 3):
 PSYoungGen      total 15872K, used 1011K [0x00000000d5580000, 0x00000000d6700000, 0x0000000100000000)
  eden space 14848K, 0% used [0x00000000d5580000,0x00000000d5580000,0x00000000d6400000)
  from space 1024K, 98% used [0x00000000d6500000,0x00000000d65fccd8,0x00000000d6600000)
  to   space 1024K, 0% used [0x00000000d6600000,0x00000000d6600000,0x00000000d6700000)
 ParOldGen       total 68608K, used 67086K [0x0000000080000000, 0x0000000084300000, 0x00000000d5580000)
  object space 68608K, 97% used [0x0000000080000000,0x00000000841838d8,0x0000000084300000)
 Metaspace       used 63798K, committed 65152K, reserved 1114112K
  class space    used 6842K, committed 7424K, reserved 1048576K
}
Event: 8.562 GC heap before
{Heap before GC invocations=55 (full 3):
 PSYoungGen      total 15872K, used 15859K [0x00000000d5580000, 0x00000000d6700000, 0x0000000100000000)
  eden space 14848K, 100% used [0x00000000d5580000,0x00000000d6400000,0x00000000d6400000)
  from space 1024K, 98% used [0x00000000d6500000,0x00000000d65fccd8,0x00000000d6600000)
  to   space 1024K, 0% used [0x00000000d6600000,0x00000000d6600000,0x00000000d6700000)
 ParOldGen       total 68608K, used 67086K [0x0000000080000000, 0x0000000084300000, 0x00000000d5580000)
  object space 68608K, 97% used [0x0000000080000000,0x00000000841838d8,0x0000000084300000)
 Metaspace       used 63825K, committed 65152K, reserved 1114112K
  class space    used 6842K, committed 7424K, reserved 1048576K
}
Event: 8.564 GC heap after
{Heap after GC invocations=55 (full 3):
 PSYoungGen      total 15872K, used 833K [0x00000000d5580000, 0x00000000d6700000, 0x0000000100000000)
  eden space 14848K, 0% used [0x00000000d5580000,0x00000000d5580000,0x00000000d6400000)
  from space 1024K, 81% used [0x00000000d6600000,0x00000000d66d0640,0x00000000d6700000)
  to   space 1024K, 0% used [0x00000000d6500000,0x00000000d6500000,0x00000000d6600000)
 ParOldGen       total 70144K, used 69283K [0x0000000080000000, 0x0000000084480000, 0x00000000d5580000)
  object space 70144K, 98% used [0x0000000080000000,0x00000000843a8d90,0x0000000084480000)
 Metaspace       used 63825K, committed 65152K, reserved 1114112K
  class space    used 6842K, committed 7424K, reserved 1048576K
}
Event: 8.564 GC heap before
{Heap before GC invocations=56 (full 4):
 PSYoungGen      total 15872K, used 833K [0x00000000d5580000, 0x00000000d6700000, 0x0000000100000000)
  eden space 14848K, 0% used [0x00000000d5580000,0x00000000d5580000,0x00000000d6400000)
  from space 1024K, 81% used [0x00000000d6600000,0x00000000d66d0640,0x00000000d6700000)
  to   space 1024K, 0% used [0x00000000d6500000,0x00000000d6500000,0x00000000d6600000)
 ParOldGen       total 70144K, used 69283K [0x0000000080000000, 0x0000000084480000, 0x00000000d5580000)
  object space 70144K, 98% used [0x0000000080000000,0x00000000843a8d90,0x0000000084480000)
 Metaspace       used 63825K, committed 65152K, reserved 1114112K
  class space    used 6842K, committed 7424K, reserved 1048576K
}

