# JRE version: OpenJDK Runtime Environment Temurin-17.0.11+9 (17.0.11+9) (build 17.0.11+9)
# Java VM: OpenJDK 64-Bit Server VM Temurin-17.0.11+9 (17.0.11+9, mixed mode, tiered, compressed oops, compressed class ptrs, parallel gc, windows-amd64)
GC Precious Log:
 CPUs: 8 total, 8 available
 Memory: 16193M
 Large Page Support: Disabled
 NUMA Support: Disabled
 Compressed Oops: Enabled (32-bit)
 Alignments: Space 512K, Generation 512K, Heap 2M
 Heap Min Capacity: 100M
 Heap Initial Capacity: 100M
 Heap Max Capacity: 2G
 Pre-touch: Disabled
 Parallel Workers: 8
Heap:
 PSYoungGen      total 5120K, used 2560K [0x00000000d5580000, 0x00000000d6380000, 0x0000000100000000)
  eden space 2560K, 0% used [0x00000000d5580000,0x00000000d5580000,0x00000000d5800000)
  from space 2560K, 100% used [0x00000000d5800000,0x00000000d5a80000,0x00000000d5a80000)
  to   space 5632K, 0% used [0x00000000d5e00000,0x00000000d5e00000,0x00000000d6380000)
 ParOldGen       total 116224K, used 115495K [0x0000000080000000, 0x0000000087180000, 0x00000000d5580000)
  object space 116224K, 99% used [0x0000000080000000,0x00000000870c9c60,0x0000000087180000)
 Metaspace       used 81271K, committed 82816K, reserved 1179648K
  class space    used 8227K, committed 8960K, reserved 1048576K
GC Heap History (20 events):
Event: 2256.922 GC heap after
{Heap after GC invocations=307 (full 10):
 PSYoungGen      total 5120K, used 480K [0x00000000d5580000, 0x00000000d5d00000, 0x0000000100000000)
  eden space 4608K, 0% used [0x00000000d5580000,0x00000000d5580000,0x00000000d5a00000)
  from space 512K, 93% used [0x00000000d5c80000,0x00000000d5cf8000,0x00000000d5d00000)
  to   space 1024K, 0% used [0x00000000d5b00000,0x00000000d5b00000,0x00000000d5c00000)
 ParOldGen       total 116224K, used 101996K [0x0000000080000000, 0x0000000087180000, 0x00000000d5580000)
  object space 116224K, 87% used [0x0000000080000000,0x000000008639b2d0,0x0000000087180000)
 Metaspace       used 81192K, committed 82752K, reserved 1179648K
  class space    used 8222K, committed 8960K, reserved 1048576K
}
Event: 2256.953 GC heap before
{Heap before GC invocations=308 (full 10):
 PSYoungGen      total 5120K, used 5088K [0x00000000d5580000, 0x00000000d5d00000, 0x0000000100000000)
  eden space 4608K, 100% used [0x00000000d5580000,0x00000000d5a00000,0x00000000d5a00000)
  from space 512K, 93% used [0x00000000d5c80000,0x00000000d5cf8000,0x00000000d5d00000)
  to   space 1024K, 0% used [0x00000000d5b00000,0x00000000d5b00000,0x00000000d5c00000)
 ParOldGen       total 116224K, used 101996K [0x0000000080000000, 0x0000000087180000, 0x00000000d5580000)
  object space 116224K, 87% used [0x0000000080000000,0x000000008639b2d0,0x0000000087180000)
 Metaspace       used 81240K, committed 82816K, reserved 1179648K
  class space    used 8222K, committed 8960K, reserved 1048576K
}
Event: 2256.954 GC heap after
{Heap after GC invocations=308 (full 10):
 PSYoungGen      total 5632K, used 996K [0x00000000d5580000, 0x00000000d5d00000, 0x0000000100000000)
  eden space 4608K, 0% used [0x00000000d5580000,0x00000000d5580000,0x00000000d5a00000)
  from space 1024K, 97% used [0x00000000d5b00000,0x00000000d5bf9230,0x00000000d5c00000)
  to   space 1024K, 0% used [0x00000000d5c00000,0x00000000d5c00000,0x00000000d5d00000)
 ParOldGen       total 116224K, used 102330K [0x0000000080000000, 0x0000000087180000, 0x00000000d5580000)
  object space 116224K, 88% used [0x0000000080000000,0x00000000863eeb60,0x0000000087180000)
 Metaspace       used 81240K, committed 82816K, reserved 1179648K
  class space    used 8222K, committed 8960K, reserved 1048576K
}
Event: 2256.963 GC heap before
{Heap before GC invocations=309 (full 10):
 PSYoungGen      total 5632K, used 5604K [0x00000000d5580000, 0x00000000d5d00000, 0x0000000100000000)
  eden space 4608K, 100% used [0x00000000d5580000,0x00000000d5a00000,0x00000000d5a00000)
  from space 1024K, 97% used [0x00000000d5b00000,0x00000000d5bf9230,0x00000000d5c00000)
  to   space 1024K, 0% used [0x00000000d5c00000,0x00000000d5c00000,0x00000000d5d00000)
 ParOldGen       total 116224K, used 102330K [0x0000000080000000, 0x0000000087180000, 0x00000000d5580000)
  object space 116224K, 88% used [0x0000000080000000,0x00000000863eeb60,0x0000000087180000)
 Metaspace       used 81241K, committed 82816K, reserved 1179648K
  class space    used 8222K, committed 8960K, reserved 1048576K
}
Event: 2256.964 GC heap after
{Heap after GC invocations=309 (full 10):
 PSYoungGen      total 5632K, used 576K [0x00000000d5580000, 0x00000000d5d00000, 0x0000000100000000)
  eden space 4608K, 0% used [0x00000000d5580000,0x00000000d5580000,0x00000000d5a00000)
  from space 1024K, 56% used [0x00000000d5c00000,0x00000000d5c90000,0x00000000d5d00000)
  to   space 1024K, 0% used [0x00000000d5b00000,0x00000000d5b00000,0x00000000d5c00000)
 ParOldGen       total 116224K, used 103192K [0x0000000080000000, 0x0000000087180000, 0x00000000d5580000)
  object space 116224K, 88% used [0x0000000080000000,0x00000000864c6070,0x0000000087180000)
 Metaspace       used 81241K, committed 82816K, reserved 1179648K
  class space    used 8222K, committed 8960K, reserved 1048576K
}
Event: 2256.996 GC heap before
{Heap before GC invocations=310 (full 10):
 PSYoungGen      total 5632K, used 5184K [0x00000000d5580000, 0x00000000d5d00000, 0x0000000100000000)
  eden space 4608K, 100% used [0x00000000d5580000,0x00000000d5a00000,0x00000000d5a00000)
  from space 1024K, 56% used [0x00000000d5c00000,0x00000000d5c90000,0x00000000d5d00000)
  to   space 1024K, 0% used [0x00000000d5b00000,0x00000000d5b00000,0x00000000d5c00000)
 ParOldGen       total 116224K, used 103192K [0x0000000080000000, 0x0000000087180000, 0x00000000d5580000)
  object space 116224K, 88% used [0x0000000080000000,0x00000000864c6070,0x0000000087180000)
 Metaspace       used 81270K, committed 82816K, reserved 1179648K
  class space    used 8227K, committed 8960K, reserved 1048576K
}
Event: 2256.997 GC heap after
{Heap after GC invocations=310 (full 10):
 PSYoungGen      total 5632K, used 890K [0x00000000d5580000, 0x00000000d5c80000, 0x0000000100000000)
  eden space 4608K, 0% used [0x00000000d5580000,0x00000000d5580000,0x00000000d5a00000)
  from space 1024K, 86% used [0x00000000d5b00000,0x00000000d5bde900,0x00000000d5c00000)
  to   space 512K, 0% used [0x00000000d5c00000,0x00000000d5c00000,0x00000000d5c80000)
 ParOldGen       total 116224K, used 103732K [0x0000000080000000, 0x0000000087180000, 0x00000000d5580000)
  object space 116224K, 89% used [0x0000000080000000,0x000000008654d080,0x0000000087180000)
 Metaspace       used 81270K, committed 82816K, reserved 1179648K
  class space    used 8227K, committed 8960K, reserved 1048576K
}
Event: 2257.006 GC heap before
{Heap before GC invocations=311 (full 10):
 PSYoungGen      total 5632K, used 5498K [0x00000000d5580000, 0x00000000d5c80000, 0x0000000100000000)
  eden space 4608K, 100% used [0x00000000d5580000,0x00000000d5a00000,0x00000000d5a00000)
  from space 1024K, 86% used [0x00000000d5b00000,0x00000000d5bde900,0x00000000d5c00000)
  to   space 512K, 0% used [0x00000000d5c00000,0x00000000d5c00000,0x00000000d5c80000)
 ParOldGen       total 116224K, used 103732K [0x0000000080000000, 0x0000000087180000, 0x00000000d5580000)
  object space 116224K, 89% used [0x0000000080000000,0x000000008654d080,0x0000000087180000)
 Metaspace       used 81271K, committed 82816K, reserved 1179648K
  class space    used 8227K, committed 8960K, reserved 1048576K
}
Event: 2257.008 GC heap after
{Heap after GC invocations=311 (full 10):
 PSYoungGen      total 2048K, used 491K [0x00000000d5580000, 0x00000000d6400000, 0x0000000100000000)
  eden space 1536K, 0% used [0x00000000d5580000,0x00000000d5580000,0x00000000d5700000)
  from space 512K, 95% used [0x00000000d5c00000,0x00000000d5c7ac40,0x00000000d5c80000)
  to   space 5120K, 0% used [0x00000000d5700000,0x00000000d5700000,0x00000000d5c00000)
 ParOldGen       total 116224K, used 107537K [0x0000000080000000, 0x0000000087180000, 0x00000000d5580000)
  object space 116224K, 92% used [0x0000000080000000,0x00000000869046a0,0x0000000087180000)
 Metaspace       used 81271K, committed 82816K, reserved 1179648K
  class space    used 8227K, committed 8960K, reserved 1048576K
}
Event: 2257.012 GC heap before
{Heap before GC invocations=312 (full 10):
 PSYoungGen      total 2048K, used 2027K [0x00000000d5580000, 0x00000000d6400000, 0x0000000100000000)
  eden space 1536K, 100% used [0x00000000d5580000,0x00000000d5700000,0x00000000d5700000)
  from space 512K, 95% used [0x00000000d5c00000,0x00000000d5c7ac40,0x00000000d5c80000)
  to   space 5120K, 0% used [0x00000000d5700000,0x00000000d5700000,0x00000000d5c00000)
 ParOldGen       total 116224K, used 107537K [0x0000000080000000, 0x0000000087180000, 0x00000000d5580000)
  object space 116224K, 92% used [0x0000000080000000,0x00000000869046a0,0x0000000087180000)
 Metaspace       used 81271K, committed 82816K, reserved 1179648K
  class space    used 8227K, committed 8960K, reserved 1048576K
}
Event: 2257.013 GC heap after
{Heap after GC invocations=312 (full 10):
 PSYoungGen      total 3584K, used 1568K [0x00000000d5580000, 0x00000000d5c80000, 0x0000000100000000)
  eden space 1536K, 0% used [0x00000000d5580000,0x00000000d5580000,0x00000000d5700000)
  from space 2048K, 76% used [0x00000000d5700000,0x00000000d5888000,0x00000000d5900000)
  to   space 2560K, 0% used [0x00000000d5a00000,0x00000000d5a00000,0x00000000d5c80000)
 ParOldGen       total 116224K, used 108052K [0x0000000080000000, 0x0000000087180000, 0x00000000d5580000)
  object space 116224K, 92% used [0x0000000080000000,0x00000000869852e0,0x0000000087180000)
 Metaspace       used 81271K, committed 82816K, reserved 1179648K
  class space    used 8227K, committed 8960K, reserved 1048576K
}
Event: 2257.018 GC heap before
{Heap before GC invocations=313 (full 10):
 PSYoungGen      total 3584K, used 3104K [0x00000000d5580000, 0x00000000d5c80000, 0x0000000100000000)
  eden space 1536K, 100% used [0x00000000d5580000,0x00000000d5700000,0x00000000d5700000)
  from space 2048K, 76% used [0x00000000d5700000,0x00000000d5888000,0x00000000d5900000)
  to   space 2560K, 0% used [0x00000000d5a00000,0x00000000d5a00000,0x00000000d5c80000)
 ParOldGen       total 116224K, used 108052K [0x0000000080000000, 0x0000000087180000, 0x00000000d5580000)
  object space 116224K, 92% used [0x0000000080000000,0x00000000869852e0,0x0000000087180000)
 Metaspace       used 81271K, committed 82816K, reserved 1179648K
  class space    used 8227K, committed 8960K, reserved 1048576K
}
Event: 2257.020 GC heap after
{Heap after GC invocations=313 (full 10):
 PSYoungGen      total 4096K, used 1632K [0x00000000d5580000, 0x00000000d5c00000, 0x0000000100000000)
  eden space 2048K, 0% used [0x00000000d5580000,0x00000000d5580000,0x00000000d5780000)
  from space 2048K, 79% used [0x00000000d5a00000,0x00000000d5b98000,0x00000000d5c00000)
  to   space 2048K, 0% used [0x00000000d5800000,0x00000000d5800000,0x00000000d5a00000)
 ParOldGen       total 116224K, used 109580K [0x0000000080000000, 0x0000000087180000, 0x00000000d5580000)
  object space 116224K, 94% used [0x0000000080000000,0x0000000086b032e0,0x0000000087180000)
 Metaspace       used 81271K, committed 82816K, reserved 1179648K
  class space    used 8227K, committed 8960K, reserved 1048576K
}
Event: 2257.027 GC heap before
{Heap before GC invocations=314 (full 10):
 PSYoungGen      total 4096K, used 3680K [0x00000000d5580000, 0x00000000d5c00000, 0x0000000100000000)
  eden space 2048K, 100% used [0x00000000d5580000,0x00000000d5780000,0x00000000d5780000)
  from space 2048K, 79% used [0x00000000d5a00000,0x00000000d5b98000,0x00000000d5c00000)
  to   space 2048K, 0% used [0x00000000d5800000,0x00000000d5800000,0x00000000d5a00000)
 ParOldGen       total 116224K, used 109580K [0x0000000080000000, 0x0000000087180000, 0x00000000d5580000)
  object space 116224K, 94% used [0x0000000080000000,0x0000000086b032e0,0x0000000087180000)
 Metaspace       used 81271K, committed 82816K, reserved 1179648K
  class space    used 8227K, committed 8960K, reserved 1048576K
}
Event: 2257.029 GC heap after
{Heap after GC invocations=314 (full 10):
 PSYoungGen      total 4608K, used 2048K [0x00000000d5580000, 0x00000000d5d00000, 0x0000000100000000)
  eden space 2560K, 0% used [0x00000000d5580000,0x00000000d5580000,0x00000000d5800000)
  from space 2048K, 100% used [0x00000000d5800000,0x00000000d5a00000,0x00000000d5a00000)
  to   space 2560K, 0% used [0x00000000d5a80000,0x00000000d5a80000,0x00000000d5d00000)
 ParOldGen       total 116224K, used 111116K [0x0000000080000000, 0x0000000087180000, 0x00000000d5580000)
  object space 116224K, 95% used [0x0000000080000000,0x0000000086c832e0,0x0000000087180000)
 Metaspace       used 81271K, committed 82816K, reserved 1179648K
  class space    used 8227K, committed 8960K, reserved 1048576K
}
Event: 2257.034 GC heap before
{Heap before GC invocations=315 (full 10):
 PSYoungGen      total 4608K, used 4607K [0x00000000d5580000, 0x00000000d5d00000, 0x0000000100000000)
  eden space 2560K, 99% used [0x00000000d5580000,0x00000000d57fff78,0x00000000d5800000)
  from space 2048K, 100% used [0x00000000d5800000,0x00000000d5a00000,0x00000000d5a00000)
  to   space 2560K, 0% used [0x00000000d5a80000,0x00000000d5a80000,0x00000000d5d00000)
 ParOldGen       total 116224K, used 111116K [0x0000000080000000, 0x0000000087180000, 0x00000000d5580000)
  object space 116224K, 95% used [0x0000000080000000,0x0000000086c832e0,0x0000000087180000)
 Metaspace       used 81271K, committed 82816K, reserved 1179648K
  class space    used 8227K, committed 8960K, reserved 1048576K
}
Event: 2257.036 GC heap after
{Heap after GC invocations=315 (full 10):
 PSYoungGen      total 5120K, used 2394K [0x00000000d5580000, 0x00000000d5d80000, 0x0000000100000000)
  eden space 2560K, 0% used [0x00000000d5580000,0x00000000d5580000,0x00000000d5800000)
  from space 2560K, 93% used [0x00000000d5a80000,0x00000000d5cd6980,0x00000000d5d00000)
  to   space 2560K, 0% used [0x00000000d5800000,0x00000000d5800000,0x00000000d5a80000)
 ParOldGen       total 116224K, used 113116K [0x0000000080000000, 0x0000000087180000, 0x00000000d5580000)
  object space 116224K, 97% used [0x0000000080000000,0x0000000086e772e0,0x0000000087180000)
 Metaspace       used 81271K, committed 82816K, reserved 1179648K
  class space    used 8227K, committed 8960K, reserved 1048576K
}
Event: 2257.044 GC heap before
{Heap before GC invocations=316 (full 10):
 PSYoungGen      total 5120K, used 4954K [0x00000000d5580000, 0x00000000d5d80000, 0x0000000100000000)
  eden space 2560K, 99% used [0x00000000d5580000,0x00000000d57fff60,0x00000000d5800000)
  from space 2560K, 93% used [0x00000000d5a80000,0x00000000d5cd6980,0x00000000d5d00000)
  to   space 2560K, 0% used [0x00000000d5800000,0x00000000d5800000,0x00000000d5a80000)
 ParOldGen       total 116224K, used 113116K [0x0000000080000000, 0x0000000087180000, 0x00000000d5580000)
  object space 116224K, 97% used [0x0000000080000000,0x0000000086e772e0,0x0000000087180000)
 Metaspace       used 81271K, committed 82816K, reserved 1179648K
  class space    used 8227K, committed 8960K, reserved 1048576K
}
Event: 2257.046 GC heap after
{Heap after GC invocations=316 (full 10):
 PSYoungGen      total 5120K, used 2560K [0x00000000d5580000, 0x00000000d6380000, 0x0000000100000000)
  eden space 2560K, 0% used [0x00000000d5580000,0x00000000d5580000,0x00000000d5800000)
  from space 2560K, 100% used [0x00000000d5800000,0x00000000d5a80000,0x00000000d5a80000)
  to   space 5632K, 0% used [0x00000000d5e00000,0x00000000d5e00000,0x00000000d6380000)
 ParOldGen       total 116224K, used 115495K [0x0000000080000000, 0x0000000087180000, 0x00000000d5580000)
  object space 116224K, 99% used [0x0000000080000000,0x00000000870c9c60,0x0000000087180000)
 Metaspace       used 81271K, committed 82816K, reserved 1179648K
  class space    used 8227K, committed 8960K, reserved 1048576K
}
Event: 2257.046 GC heap before
{Heap before GC invocations=317 (full 11):
 PSYoungGen      total 5120K, used 2560K [0x00000000d5580000, 0x00000000d6380000, 0x0000000100000000)
  eden space 2560K, 0% used [0x00000000d5580000,0x00000000d5580000,0x00000000d5800000)
  from space 2560K, 100% used [0x00000000d5800000,0x00000000d5a80000,0x00000000d5a80000)
  to   space 5632K, 0% used [0x00000000d5e00000,0x00000000d5e00000,0x00000000d6380000)
 ParOldGen       total 116224K, used 115495K [0x0000000080000000, 0x0000000087180000, 0x00000000d5580000)
  object space 116224K, 99% used [0x0000000080000000,0x00000000870c9c60,0x0000000087180000)
 Metaspace       used 81271K, committed 82816K, reserved 1179648K
  class space    used 8227K, committed 8960K, reserved 1048576K
}

